Using pre-set license
Built from '2020.2/staging' branch; Version is '2020.2.0b13 (655e1a328b90) revision 6643226'; Using compiler version '192528614'; Build Type 'Release'
OS: 'Windows 10  (10.0.0) 64bit' Language: 'en' Physical Memory: 8103 MB
BatchMode: 1, IsHumanControllingUs: 0, StartBugReporterOnCrash: 0, Is64bit: 1, IsPro: 0

 COMMAND LINE ARGUMENTS:
C:\Program Files\Unity 2020.2.0b13\Editor\Unity.exe
-adb2
-batchMode
-noUpm
-name
AssetImportWorker0
-projectPath
C:/Users/Himanshu/Desktop/New folder (2)/ball block
-logFile
Logs/AssetImportWorker0.log
-srvPort
50962
Successfully changed project path to: C:/Users/Himanshu/Desktop/New folder (2)/ball block
C:/Users/Himanshu/Desktop/New folder (2)/ball block
Using Asset Import Pipeline V2.
Refreshing native plugins compatible for Editor in 43.84 ms, found 1 plugins.
Preloading 0 native plugins for Editor in 0.00 ms.
Initialize engine version: 2020.2.0b13 (655e1a328b90)
[Subsystems] Discovering subsystems at path C:/Program Files/Unity 2020.2.0b13/Editor/Data/Resources/UnitySubsystems
[Subsystems] Discovering subsystems at path C:/Users/Himanshu/Desktop/New folder (2)/ball block/Assets
GfxDevice: creating device client; threaded=0
Direct3D:
    Version:  Direct3D 11.0 [level 11.0]
    Renderer: NVIDIA GeForce MX110 (ID=0x174e)
    Vendor:   
    VRAM:     2010 MB
    Driver:   27.21.14.5241
Initialize mono
Mono path[0] = 'C:/Program Files/Unity 2020.2.0b13/Editor/Data/Managed'
Mono path[1] = 'C:/Program Files/Unity 2020.2.0b13/Editor/Data/MonoBleedingEdge/lib/mono/unityjit'
Mono config path = 'C:/Program Files/Unity 2020.2.0b13/Editor/Data/MonoBleedingEdge/etc'
Using monoOptions --debugger-agent=transport=dt_socket,embedding=1,server=y,suspend=n,address=127.0.0.1:56684
Begin MonoManager ReloadAssembly
Registering precompiled unity dll's ...
Register platform support module: C:/Program Files/Unity 2020.2.0b13/Editor/Data/PlaybackEngines/WindowsStandaloneSupport/UnityEditor.WindowsStandalone.Extensions.dll
Registered in 0.002114 seconds.
Native extension for WindowsStandalone target not found
Refreshing native plugins compatible for Editor in 37.50 ms, found 1 plugins.
Preloading 0 native plugins for Editor in 0.00 ms.
Invoked RoslynAnalysisRunner static constructor.
RoslynAnalysisRunner will not be running.
RoslynAnalysisRunner has terminated.
Mono: successfully reloaded assembly
- Completed reload, in  1.123 seconds
Platform modules already initialized, skipping
Registering precompiled user dll's ...
Registered in 0.001136 seconds.
Begin MonoManager ReloadAssembly
Symbol file LoadedFromMemory doesn't match image C:\Users\Himanshu\Desktop\New folder (2)\ball block\Library\PackageCache\com.unity.ext.nunit@1.0.0\net35\unity-custom\nunit.framework.dll
Native extension for WindowsStandalone target not found
Refreshing native plugins compatible for Editor in 47.96 ms, found 1 plugins.
Preloading 0 native plugins for Editor in 0.00 ms.
Invoked RoslynAnalysisRunner static constructor.
RoslynAnalysisRunner will not be running.
RoslynAnalysisRunner has terminated.
Mono: successfully reloaded assembly
- Completed reload, in  1.109 seconds
Platform modules already initialized, skipping
========================================================================
Worker process is ready to serve import requests
Launched and connected shader compiler UnityShaderCompiler.exe after 0.05 seconds
Refreshing native plugins compatible for Editor in 0.41 ms, found 1 plugins.
Preloading 0 native plugins for Editor in 0.00 ms.
Unloading 1788 Unused Serialized files (Serialized files now loaded: 0)
System memory in use before: 83.5 MB.
System memory in use after: 83.5 MB.

Unloading 24 unused Assets to reduce memory usage. Loaded Objects now: 2227.
Total: 4.240500 ms (FindLiveObjects: 0.298600 ms CreateObjectMapping: 0.124300 ms MarkObjects: 3.606000 ms  DeleteObjects: 0.208900 ms)

========================================================================
Received Import Request.
  path: Assets/padone.cs
  artifactKey: Guid(895bd9b753519654b870596f6ce5b239) Importer(815301076,1909f56bfc062723c751e8b465ee728b)
Start importing Assets/padone.cs using Guid(895bd9b753519654b870596f6ce5b239) Importer(815301076,1909f56bfc062723c751e8b465ee728b)  -> (artifact id: '2eb0eb36776914b1495af050e0646fa4') in 0.068779 seconds
  Import took 0.107173 seconds .

========================================================================
Received Import Request.
  Time since last request: 654.758468 seconds.
  path: Assets/padone.cs
  artifactKey: Guid(895bd9b753519654b870596f6ce5b239) Importer(815301076,1909f56bfc062723c751e8b465ee728b)
Start importing Assets/padone.cs using Guid(895bd9b753519654b870596f6ce5b239) Importer(815301076,1909f56bfc062723c751e8b465ee728b)  -> (artifact id: '0e2c4fa2db0b8da84bacb304c3cb8a02') in 0.003551 seconds
  Import took 0.061357 seconds .

========================================================================
Received Import Request.
  Time since last request: 0.017577 seconds.
  path: Assets/padone.cs
  artifactKey: Guid(895bd9b753519654b870596f6ce5b239) Importer(815301076,1909f56bfc062723c751e8b465ee728b)
Start importing Assets/padone.cs using Guid(895bd9b753519654b870596f6ce5b239) Importer(815301076,1909f56bfc062723c751e8b465ee728b)  -> (artifact id: '0e2c4fa2db0b8da84bacb304c3cb8a02') in 0.004129 seconds
  Import took 0.007430 seconds .

========================================================================
Received Prepare
Registering precompiled user dll's ...
Registered in 0.001786 seconds.
Begin MonoManager ReloadAssembly
Symbol file LoadedFromMemory doesn't match image C:\Users\Himanshu\Desktop\New folder (2)\ball block\Library\PackageCache\com.unity.ext.nunit@1.0.0\net35\unity-custom\nunit.framework.dll
Native extension for WindowsStandalone target not found
Refreshing native plugins compatible for Editor in 0.58 ms, found 1 plugins.
Preloading 0 native plugins for Editor in 0.00 ms.
Invoked RoslynAnalysisRunner static constructor.
RoslynAnalysisRunner will not be running.
RoslynAnalysisRunner has terminated.
Mono: successfully reloaded assembly
- Completed reload, in  1.568 seconds
Platform modules already initialized, skipping
Refreshing native plugins compatible for Editor in 0.47 ms, found 1 plugins.
Preloading 0 native plugins for Editor in 0.00 ms.
Unloading 1783 Unused Serialized files (Serialized files now loaded: 0)
System memory in use before: 83.6 MB.
System memory in use after: 83.6 MB.

Unloading 12 unused Assets to reduce memory usage. Loaded Objects now: 2230.
Total: 3.062200 ms (FindLiveObjects: 0.271100 ms CreateObjectMapping: 0.088300 ms MarkObjects: 2.547300 ms  DeleteObjects: 0.153900 ms)

========================================================================
Received Import Request.
  Time since last request: 14.346687 seconds.
  path: Assets/padtwo.cs
  artifactKey: Guid(8652b4c37f1de7a4e8fdcec32e5b7015) Importer(815301076,1909f56bfc062723c751e8b465ee728b)
Start importing Assets/padtwo.cs using Guid(8652b4c37f1de7a4e8fdcec32e5b7015) Importer(815301076,1909f56bfc062723c751e8b465ee728b)  -> (artifact id: 'ee10c5df0df8580b7fff0eeb1ccb7484') in 0.010401 seconds
  Import took 0.062294 seconds .

========================================================================
Received Prepare
Registering precompiled user dll's ...
Registered in 0.001300 seconds.
Begin MonoManager ReloadAssembly
Symbol file LoadedFromMemory doesn't match image C:\Users\Himanshu\Desktop\New folder (2)\ball block\Library\PackageCache\com.unity.ext.nunit@1.0.0\net35\unity-custom\nunit.framework.dll
Native extension for WindowsStandalone target not found
Refreshing native plugins compatible for Editor in 0.42 ms, found 1 plugins.
Preloading 0 native plugins for Editor in 0.00 ms.
Invoked RoslynAnalysisRunner static constructor.
RoslynAnalysisRunner will not be running.
RoslynAnalysisRunner has terminated.
Mono: successfully reloaded assembly
- Completed reload, in  1.291 seconds
Platform modules already initialized, skipping
Refreshing native plugins compatible for Editor in 0.45 ms, found 1 plugins.
Preloading 0 native plugins for Editor in 0.00 ms.
Unloading 1783 Unused Serialized files (Serialized files now loaded: 0)
System memory in use before: 83.7 MB.
System memory in use after: 83.7 MB.

Unloading 12 unused Assets to reduce memory usage. Loaded Objects now: 2233.
Total: 2.533100 ms (FindLiveObjects: 0.247100 ms CreateObjectMapping: 0.109000 ms MarkObjects: 2.059000 ms  DeleteObjects: 0.116900 ms)

========================================================================
Received Import Request.
  Time since last request: 149.879786 seconds.
  path: Assets/padtwo.cs
  artifactKey: Guid(8652b4c37f1de7a4e8fdcec32e5b7015) Importer(815301076,1909f56bfc062723c751e8b465ee728b)
Start importing Assets/padtwo.cs using Guid(8652b4c37f1de7a4e8fdcec32e5b7015) Importer(815301076,1909f56bfc062723c751e8b465ee728b)  -> (artifact id: '5a4f7ba22c08d087a0f6293e1d5aa798') in 0.006155 seconds
  Import took 0.078201 seconds .

========================================================================
Received Prepare
Registering precompiled user dll's ...
Registered in 0.001310 seconds.
Begin MonoManager ReloadAssembly
Symbol file LoadedFromMemory doesn't match image C:\Users\Himanshu\Desktop\New folder (2)\ball block\Library\PackageCache\com.unity.ext.nunit@1.0.0\net35\unity-custom\nunit.framework.dll
Native extension for WindowsStandalone target not found
Refreshing native plugins compatible for Editor in 0.61 ms, found 1 plugins.
Preloading 0 native plugins for Editor in 0.00 ms.
Invoked RoslynAnalysisRunner static constructor.
RoslynAnalysisRunner will not be running.
RoslynAnalysisRunner has terminated.
Mono: successfully reloaded assembly
- Completed reload, in  1.558 seconds
Platform modules already initialized, skipping
Refreshing native plugins compatible for Editor in 0.55 ms, found 1 plugins.
Preloading 0 native plugins for Editor in 0.00 ms.
Unloading 1783 Unused Serialized files (Serialized files now loaded: 0)
System memory in use before: 83.7 MB.
System memory in use after: 83.7 MB.

Unloading 12 unused Assets to reduce memory usage. Loaded Objects now: 2236.
Total: 3.143700 ms (FindLiveObjects: 0.249900 ms CreateObjectMapping: 0.098300 ms MarkObjects: 2.630200 ms  DeleteObjects: 0.163400 ms)

========================================================================
Received Prepare
Registering precompiled user dll's ...
Registered in 0.001113 seconds.
Begin MonoManager ReloadAssembly
Symbol file LoadedFromMemory doesn't match image C:\Users\Himanshu\Desktop\New folder (2)\ball block\Library\PackageCache\com.unity.ext.nunit@1.0.0\net35\unity-custom\nunit.framework.dll
Native extension for WindowsStandalone target not found
Refreshing native plugins compatible for Editor in 0.53 ms, found 1 plugins.
Preloading 0 native plugins for Editor in 0.00 ms.
Invoked RoslynAnalysisRunner static constructor.
RoslynAnalysisRunner will not be running.
RoslynAnalysisRunner has terminated.
Mono: successfully reloaded assembly
- Completed reload, in  1.649 seconds
Platform modules already initialized, skipping
Refreshing native plugins compatible for Editor in 0.49 ms, found 1 plugins.
Preloading 0 native plugins for Editor in 0.00 ms.
Unloading 1783 Unused Serialized files (Serialized files now loaded: 0)
System memory in use before: 83.8 MB.
System memory in use after: 83.8 MB.

Unloading 12 unused Assets to reduce memory usage. Loaded Objects now: 2239.
Total: 2.748700 ms (FindLiveObjects: 0.251500 ms CreateObjectMapping: 0.090900 ms MarkObjects: 2.281000 ms  DeleteObjects: 0.124000 ms)

========================================================================
Received Prepare
Registering precompiled user dll's ...
Registered in 0.001143 seconds.
Begin MonoManager ReloadAssembly
Symbol file LoadedFromMemory doesn't match image C:\Users\Himanshu\Desktop\New folder (2)\ball block\Library\PackageCache\com.unity.ext.nunit@1.0.0\net35\unity-custom\nunit.framework.dll
Native extension for WindowsStandalone target not found
Refreshing native plugins compatible for Editor in 0.86 ms, found 1 plugins.
Preloading 0 native plugins for Editor in 0.00 ms.
Invoked RoslynAnalysisRunner static constructor.
RoslynAnalysisRunner will not be running.
RoslynAnalysisRunner has terminated.
Mono: successfully reloaded assembly
- Completed reload, in  1.118 seconds
Platform modules already initialized, skipping
Refreshing native plugins compatible for Editor in 0.38 ms, found 1 plugins.
Preloading 0 native plugins for Editor in 0.00 ms.
Unloading 1783 Unused Serialized files (Serialized files now loaded: 0)
System memory in use before: 83.8 MB.
System memory in use after: 83.8 MB.

Unloading 12 unused Assets to reduce memory usage. Loaded Objects now: 2242.
Total: 2.414200 ms (FindLiveObjects: 0.240300 ms CreateObjectMapping: 0.069400 ms MarkObjects: 1.999800 ms  DeleteObjects: 0.103600 ms)

========================================================================
Received Prepare
Registering precompiled user dll's ...
Registered in 0.001496 seconds.
Begin MonoManager ReloadAssembly
Symbol file LoadedFromMemory doesn't match image C:\Users\Himanshu\Desktop\New folder (2)\ball block\Library\PackageCache\com.unity.ext.nunit@1.0.0\net35\unity-custom\nunit.framework.dll
Native extension for WindowsStandalone target not found
Refreshing native plugins compatible for Editor in 0.49 ms, found 1 plugins.
Preloading 0 native plugins for Editor in 0.00 ms.
Invoked RoslynAnalysisRunner static constructor.
RoslynAnalysisRunner will not be running.
RoslynAnalysisRunner has terminated.
Mono: successfully reloaded assembly
- Completed reload, in  1.765 seconds
Platform modules already initialized, skipping
Refreshing native plugins compatible for Editor in 0.48 ms, found 1 plugins.
Preloading 0 native plugins for Editor in 0.00 ms.
Unloading 1783 Unused Serialized files (Serialized files now loaded: 0)
System memory in use before: 83.9 MB.
System memory in use after: 83.9 MB.

Unloading 12 unused Assets to reduce memory usage. Loaded Objects now: 2245.
Total: 3.078900 ms (FindLiveObjects: 0.241900 ms CreateObjectMapping: 0.090000 ms MarkObjects: 2.561300 ms  DeleteObjects: 0.184400 ms)

========================================================================
Received Prepare
Registering precompiled user dll's ...
Registered in 0.001096 seconds.
Begin MonoManager ReloadAssembly
Symbol file LoadedFromMemory doesn't match image C:\Users\Himanshu\Desktop\New folder (2)\ball block\Library\PackageCache\com.unity.ext.nunit@1.0.0\net35\unity-custom\nunit.framework.dll
Native extension for WindowsStandalone target not found
Refreshing native plugins compatible for Editor in 0.40 ms, found 1 plugins.
Preloading 0 native plugins for Editor in 0.00 ms.
Invoked RoslynAnalysisRunner static constructor.
RoslynAnalysisRunner will not be running.
RoslynAnalysisRunner has terminated.
Mono: successfully reloaded assembly
- Completed reload, in  1.177 seconds
Platform modules already initialized, skipping
Refreshing native plugins compatible for Editor in 0.38 ms, found 1 plugins.
Preloading 0 native plugins for Editor in 0.00 ms.
Unloading 1783 Unused Serialized files (Serialized files now loaded: 0)
System memory in use before: 84.0 MB.
System memory in use after: 84.0 MB.

Unloading 12 unused Assets to reduce memory usage. Loaded Objects now: 2248.
Total: 2.425900 ms (FindLiveObjects: 0.220000 ms CreateObjectMapping: 0.072000 ms MarkObjects: 2.030000 ms  DeleteObjects: 0.102700 ms)

========================================================================
Received Prepare
Registering precompiled user dll's ...
Registered in 0.002348 seconds.
Begin MonoManager ReloadAssembly
Symbol file LoadedFromMemory doesn't match image C:\Users\Himanshu\Desktop\New folder (2)\ball block\Library\PackageCache\com.unity.ext.nunit@1.0.0\net35\unity-custom\nunit.framework.dll
Native extension for WindowsStandalone target not found
Refreshing native plugins compatible for Editor in 0.45 ms, found 1 plugins.
Preloading 0 native plugins for Editor in 0.00 ms.
Invoked RoslynAnalysisRunner static constructor.
RoslynAnalysisRunner will not be running.
RoslynAnalysisRunner has terminated.
Mono: successfully reloaded assembly
- Completed reload, in  1.379 seconds
Platform modules already initialized, skipping
Refreshing native plugins compatible for Editor in 0.47 ms, found 1 plugins.
Preloading 0 native plugins for Editor in 0.00 ms.
Unloading 1784 Unused Serialized files (Serialized files now loaded: 0)
System memory in use before: 84.0 MB.
System memory in use after: 84.0 MB.

Unloading 12 unused Assets to reduce memory usage. Loaded Objects now: 2252.
Total: 3.039700 ms (FindLiveObjects: 0.272600 ms CreateObjectMapping: 0.074100 ms MarkObjects: 2.553100 ms  DeleteObjects: 0.138700 ms)

========================================================================
Received Import Request.
  Time since last request: 1285.387940 seconds.
  path: Assets/ball.cs
  artifactKey: Guid(819395a18f50d3843b82da1995e04328) Importer(815301076,1909f56bfc062723c751e8b465ee728b)
Start importing Assets/ball.cs using Guid(819395a18f50d3843b82da1995e04328) Importer(815301076,1909f56bfc062723c751e8b465ee728b)  -> (artifact id: 'a7561f3a75950e9ecde925bb461a4151') in 0.009774 seconds
  Import took 0.048036 seconds .

========================================================================
Received Import Request.
  Time since last request: 44.314228 seconds.
  path: Assets
  artifactKey: Guid(00000000000000001000000000000000) Importer(815301076,1909f56bfc062723c751e8b465ee728b)
Start importing Assets using Guid(00000000000000001000000000000000) Importer(815301076,1909f56bfc062723c751e8b465ee728b)  -> (artifact id: 'a2024a5447ea30736529f0b4f1ce1248') in 0.007183 seconds
  Import took 0.065259 seconds .

========================================================================
Received Import Request.
  Time since last request: 44.552627 seconds.
  path: Assets/ball.physicMaterial
  artifactKey: Guid(447fbae0dd6881e42809961caf515c6c) Importer(815301076,1909f56bfc062723c751e8b465ee728b)
Start importing Assets/ball.physicMaterial using Guid(447fbae0dd6881e42809961caf515c6c) Importer(815301076,1909f56bfc062723c751e8b465ee728b)  -> (artifact id: 'c845be1bb48d37643b14333e5d89af9a') in 0.045408 seconds
  Import took 0.051560 seconds .

========================================================================
Received Prepare
Registering precompiled user dll's ...
Registered in 0.001498 seconds.
Begin MonoManager ReloadAssembly
Symbol file LoadedFromMemory doesn't match image C:\Users\Himanshu\Desktop\New folder (2)\ball block\Library\PackageCache\com.unity.ext.nunit@1.0.0\net35\unity-custom\nunit.framework.dll
Native extension for WindowsStandalone target not found
Refreshing native plugins compatible for Editor in 0.49 ms, found 1 plugins.
Preloading 0 native plugins for Editor in 0.00 ms.
Invoked RoslynAnalysisRunner static constructor.
RoslynAnalysisRunner will not be running.
RoslynAnalysisRunner has terminated.
Mono: successfully reloaded assembly
- Completed reload, in  1.449 seconds
Platform modules already initialized, skipping
Refreshing native plugins compatible for Editor in 0.45 ms, found 1 plugins.
Preloading 0 native plugins for Editor in 0.00 ms.
Unloading 1784 Unused Serialized files (Serialized files now loaded: 0)
System memory in use before: 84.1 MB.
System memory in use after: 84.1 MB.

Unloading 12 unused Assets to reduce memory usage. Loaded Objects now: 2255.
Total: 3.452700 ms (FindLiveObjects: 0.419300 ms CreateObjectMapping: 0.141400 ms MarkObjects: 2.761200 ms  DeleteObjects: 0.129500 ms)

========================================================================
Received Prepare
Registering precompiled user dll's ...
Registered in 0.001117 seconds.
Begin MonoManager ReloadAssembly
Symbol file LoadedFromMemory doesn't match image C:\Users\Himanshu\Desktop\New folder (2)\ball block\Library\PackageCache\com.unity.ext.nunit@1.0.0\net35\unity-custom\nunit.framework.dll
Native extension for WindowsStandalone target not found
Refreshing native plugins compatible for Editor in 0.49 ms, found 1 plugins.
Preloading 0 native plugins for Editor in 0.00 ms.
Invoked RoslynAnalysisRunner static constructor.
RoslynAnalysisRunner will not be running.
RoslynAnalysisRunner has terminated.
Mono: successfully reloaded assembly
- Completed reload, in  1.415 seconds
Platform modules already initialized, skipping
Refreshing native plugins compatible for Editor in 0.51 ms, found 1 plugins.
Preloading 0 native plugins for Editor in 0.00 ms.
Unloading 1784 Unused Serialized files (Serialized files now loaded: 0)
System memory in use before: 84.2 MB.
System memory in use after: 84.2 MB.

Unloading 12 unused Assets to reduce memory usage. Loaded Objects now: 2258.
Total: 3.059200 ms (FindLiveObjects: 0.297400 ms CreateObjectMapping: 0.087400 ms MarkObjects: 2.541600 ms  DeleteObjects: 0.131100 ms)

========================================================================
Received Prepare
Registering precompiled user dll's ...
Registered in 0.001318 seconds.
Begin MonoManager ReloadAssembly
Symbol file LoadedFromMemory doesn't match image C:\Users\Himanshu\Desktop\New folder (2)\ball block\Library\PackageCache\com.unity.ext.nunit@1.0.0\net35\unity-custom\nunit.framework.dll
Native extension for WindowsStandalone target not found
Refreshing native plugins compatible for Editor in 0.51 ms, found 1 plugins.
Preloading 0 native plugins for Editor in 0.00 ms.
Invoked RoslynAnalysisRunner static constructor.
RoslynAnalysisRunner will not be running.
RoslynAnalysisRunner has terminated.
Mono: successfully reloaded assembly
- Completed reload, in  1.718 seconds
Platform modules already initialized, skipping
Refreshing native plugins compatible for Editor in 0.73 ms, found 1 plugins.
Preloading 0 native plugins for Editor in 0.00 ms.
Unloading 1784 Unused Serialized files (Serialized files now loaded: 0)
System memory in use before: 84.2 MB.
System memory in use after: 84.2 MB.

Unloading 12 unused Assets to reduce memory usage. Loaded Objects now: 2261.
Total: 2.945700 ms (FindLiveObjects: 0.258300 ms CreateObjectMapping: 0.101700 ms MarkObjects: 2.408600 ms  DeleteObjects: 0.175400 ms)

========================================================================
Received Import Request.
  Time since last request: 529.784750 seconds.
  path: Assets/ball.cs
  artifactKey: Guid(819395a18f50d3843b82da1995e04328) Importer(815301076,1909f56bfc062723c751e8b465ee728b)
Start importing Assets/ball.cs using Guid(819395a18f50d3843b82da1995e04328) Importer(815301076,1909f56bfc062723c751e8b465ee728b)  -> (artifact id: 'cc9451941bc2c8895a457c2650e79c36') in 0.006317 seconds
  Import took 0.065298 seconds .

========================================================================
Received Prepare
Registering precompiled user dll's ...
Registered in 0.001230 seconds.
Begin MonoManager ReloadAssembly
Symbol file LoadedFromMemory doesn't match image C:\Users\Himanshu\Desktop\New folder (2)\ball block\Library\PackageCache\com.unity.ext.nunit@1.0.0\net35\unity-custom\nunit.framework.dll
Native extension for WindowsStandalone target not found
Refreshing native plugins compatible for Editor in 0.52 ms, found 1 plugins.
Preloading 0 native plugins for Editor in 0.00 ms.
Invoked RoslynAnalysisRunner static constructor.
RoslynAnalysisRunner will not be running.
RoslynAnalysisRunner has terminated.
Mono: successfully reloaded assembly
- Completed reload, in  1.336 seconds
Platform modules already initialized, skipping
Refreshing native plugins compatible for Editor in 0.41 ms, found 1 plugins.
Preloading 0 native plugins for Editor in 0.00 ms.
Unloading 1784 Unused Serialized files (Serialized files now loaded: 0)
System memory in use before: 84.3 MB.
System memory in use after: 84.3 MB.

Unloading 12 unused Assets to reduce memory usage. Loaded Objects now: 2264.
Total: 2.544000 ms (FindLiveObjects: 0.224700 ms CreateObjectMapping: 0.081000 ms MarkObjects: 2.122600 ms  DeleteObjects: 0.114600 ms)

========================================================================
Received Prepare
Registering precompiled user dll's ...
Registered in 0.001379 seconds.
Begin MonoManager ReloadAssembly
Symbol file LoadedFromMemory doesn't match image C:\Users\Himanshu\Desktop\New folder (2)\ball block\Library\PackageCache\com.unity.ext.nunit@1.0.0\net35\unity-custom\nunit.framework.dll
Native extension for WindowsStandalone target not found
Refreshing native plugins compatible for Editor in 0.85 ms, found 1 plugins.
Preloading 0 native plugins for Editor in 0.00 ms.
Invoked RoslynAnalysisRunner static constructor.
RoslynAnalysisRunner will not be running.
RoslynAnalysisRunner has terminated.
Mono: successfully reloaded assembly
- Completed reload, in  1.613 seconds
Platform modules already initialized, skipping
Refreshing native plugins compatible for Editor in 0.40 ms, found 1 plugins.
Preloading 0 native plugins for Editor in 0.00 ms.
Unloading 1784 Unused Serialized files (Serialized files now loaded: 0)
System memory in use before: 84.3 MB.
System memory in use after: 84.3 MB.

Unloading 12 unused Assets to reduce memory usage. Loaded Objects now: 2267.
Total: 2.749500 ms (FindLiveObjects: 0.277100 ms CreateObjectMapping: 0.089300 ms MarkObjects: 2.258800 ms  DeleteObjects: 0.123000 ms)

========================================================================
Received Prepare
Registering precompiled user dll's ...
Registered in 0.001651 seconds.
Begin MonoManager ReloadAssembly
Symbol file LoadedFromMemory doesn't match image C:\Users\Himanshu\Desktop\New folder (2)\ball block\Library\PackageCache\com.unity.ext.nunit@1.0.0\net35\unity-custom\nunit.framework.dll
Native extension for WindowsStandalone target not found
Refreshing native plugins compatible for Editor in 0.41 ms, found 1 plugins.
Preloading 0 native plugins for Editor in 0.00 ms.
Invoked RoslynAnalysisRunner static constructor.
RoslynAnalysisRunner will not be running.
RoslynAnalysisRunner has terminated.
Mono: successfully reloaded assembly
- Completed reload, in  1.199 seconds
Platform modules already initialized, skipping
Refreshing native plugins compatible for Editor in 0.70 ms, found 1 plugins.
Preloading 0 native plugins for Editor in 0.00 ms.
Unloading 1784 Unused Serialized files (Serialized files now loaded: 0)
System memory in use before: 84.4 MB.
System memory in use after: 84.4 MB.

Unloading 12 unused Assets to reduce memory usage. Loaded Objects now: 2270.
Total: 4.470800 ms (FindLiveObjects: 0.324100 ms CreateObjectMapping: 0.092700 ms MarkObjects: 3.818200 ms  DeleteObjects: 0.234100 ms)

========================================================================
Received Prepare
Registering precompiled user dll's ...
Registered in 0.001149 seconds.
Begin MonoManager ReloadAssembly
Symbol file LoadedFromMemory doesn't match image C:\Users\Himanshu\Desktop\New folder (2)\ball block\Library\PackageCache\com.unity.ext.nunit@1.0.0\net35\unity-custom\nunit.framework.dll
Native extension for WindowsStandalone target not found
Refreshing native plugins compatible for Editor in 0.85 ms, found 1 plugins.
Preloading 0 native plugins for Editor in 0.00 ms.
Invoked RoslynAnalysisRunner static constructor.
RoslynAnalysisRunner will not be running.
RoslynAnalysisRunner has terminated.
Mono: successfully reloaded assembly
- Completed reload, in  1.368 seconds
Platform modules already initialized, skipping
Refreshing native plugins compatible for Editor in 0.46 ms, found 1 plugins.
Preloading 0 native plugins for Editor in 0.00 ms.
Unloading 1784 Unused Serialized files (Serialized files now loaded: 0)
System memory in use before: 84.4 MB.
System memory in use after: 84.4 MB.

Unloading 12 unused Assets to reduce memory usage. Loaded Objects now: 2273.
Total: 2.863100 ms (FindLiveObjects: 0.260300 ms CreateObjectMapping: 0.092800 ms MarkObjects: 2.345300 ms  DeleteObjects: 0.163300 ms)

========================================================================
Received Prepare
Registering precompiled user dll's ...
Registered in 0.001184 seconds.
Begin MonoManager ReloadAssembly
Symbol file LoadedFromMemory doesn't match image C:\Users\Himanshu\Desktop\New folder (2)\ball block\Library\PackageCache\com.unity.ext.nunit@1.0.0\net35\unity-custom\nunit.framework.dll
Native extension for WindowsStandalone target not found
Refreshing native plugins compatible for Editor in 0.79 ms, found 1 plugins.
Preloading 0 native plugins for Editor in 0.00 ms.
Invoked RoslynAnalysisRunner static constructor.
RoslynAnalysisRunner will not be running.
RoslynAnalysisRunner has terminated.
Mono: successfully reloaded assembly
- Completed reload, in  1.233 seconds
Platform modules already initialized, skipping
Refreshing native plugins compatible for Editor in 0.47 ms, found 1 plugins.
Preloading 0 native plugins for Editor in 0.00 ms.
Unloading 1784 Unused Serialized files (Serialized files now loaded: 0)
System memory in use before: 84.5 MB.
System memory in use after: 84.5 MB.

Unloading 12 unused Assets to reduce memory usage. Loaded Objects now: 2276.
Total: 3.546300 ms (FindLiveObjects: 0.414100 ms CreateObjectMapping: 0.133300 ms MarkObjects: 2.875200 ms  DeleteObjects: 0.122100 ms)

========================================================================
Received Prepare
Registering precompiled user dll's ...
Registered in 0.001128 seconds.
Begin MonoManager ReloadAssembly
Symbol file LoadedFromMemory doesn't match image C:\Users\Himanshu\Desktop\New folder (2)\ball block\Library\PackageCache\com.unity.ext.nunit@1.0.0\net35\unity-custom\nunit.framework.dll
Native extension for WindowsStandalone target not found
Refreshing native plugins compatible for Editor in 0.47 ms, found 1 plugins.
Preloading 0 native plugins for Editor in 0.00 ms.
Invoked RoslynAnalysisRunner static constructor.
RoslynAnalysisRunner will not be running.
RoslynAnalysisRunner has terminated.
Mono: successfully reloaded assembly
- Completed reload, in  1.122 seconds
Platform modules already initialized, skipping
Refreshing native plugins compatible for Editor in 0.37 ms, found 1 plugins.
Preloading 0 native plugins for Editor in 0.00 ms.
Unloading 1784 Unused Serialized files (Serialized files now loaded: 0)
System memory in use before: 84.6 MB.
System memory in use after: 84.6 MB.

Unloading 12 unused Assets to reduce memory usage. Loaded Objects now: 2279.
Total: 2.779800 ms (FindLiveObjects: 0.299800 ms CreateObjectMapping: 0.195400 ms MarkObjects: 2.130000 ms  DeleteObjects: 0.152400 ms)

========================================================================
Received Import Request.
  Time since last request: 295.072341 seconds.
  path: Assets/ball.cs
  artifactKey: Guid(819395a18f50d3843b82da1995e04328) Importer(815301076,1909f56bfc062723c751e8b465ee728b)
Start importing Assets/ball.cs using Guid(819395a18f50d3843b82da1995e04328) Importer(815301076,1909f56bfc062723c751e8b465ee728b)  -> (artifact id: 'c1d9083d2a91d6f1c608f42390a884a4') in 0.006524 seconds
  Import took 0.010430 seconds .

========================================================================
Received Prepare
Registering precompiled user dll's ...
Registered in 0.007541 seconds.
Begin MonoManager ReloadAssembly
Symbol file LoadedFromMemory doesn't match image C:\Users\Himanshu\Desktop\New folder (2)\ball block\Library\PackageCache\com.unity.ext.nunit@1.0.0\net35\unity-custom\nunit.framework.dll
Native extension for WindowsStandalone target not found
Refreshing native plugins compatible for Editor in 0.72 ms, found 1 plugins.
Preloading 0 native plugins for Editor in 0.00 ms.
Invoked RoslynAnalysisRunner static constructor.
RoslynAnalysisRunner will not be running.
RoslynAnalysisRunner has terminated.
Mono: successfully reloaded assembly
- Completed reload, in  1.391 seconds
Platform modules already initialized, skipping
Refreshing native plugins compatible for Editor in 0.56 ms, found 1 plugins.
Preloading 0 native plugins for Editor in 0.00 ms.
Unloading 1783 Unused Serialized files (Serialized files now loaded: 0)
System memory in use before: 84.6 MB.
System memory in use after: 84.6 MB.

Unloading 13 unused Assets to reduce memory usage. Loaded Objects now: 2281.
Total: 3.207400 ms (FindLiveObjects: 0.283800 ms CreateObjectMapping: 0.100400 ms MarkObjects: 2.673500 ms  DeleteObjects: 0.148200 ms)

========================================================================
Received Prepare
Registering precompiled user dll's ...
Registered in 0.001908 seconds.
Begin MonoManager ReloadAssembly
Symbol file LoadedFromMemory doesn't match image C:\Users\Himanshu\Desktop\New folder (2)\ball block\Library\PackageCache\com.unity.ext.nunit@1.0.0\net35\unity-custom\nunit.framework.dll
Native extension for WindowsStandalone target not found
Refreshing native plugins compatible for Editor in 0.46 ms, found 1 plugins.
Preloading 0 native plugins for Editor in 0.00 ms.
Invoked RoslynAnalysisRunner static constructor.
RoslynAnalysisRunner will not be running.
RoslynAnalysisRunner has terminated.
Mono: successfully reloaded assembly
- Completed reload, in  1.445 seconds
Platform modules already initialized, skipping
Refreshing native plugins compatible for Editor in 0.46 ms, found 1 plugins.
Preloading 0 native plugins for Editor in 0.00 ms.
Unloading 1784 Unused Serialized files (Serialized files now loaded: 0)
System memory in use before: 84.7 MB.
System memory in use after: 84.7 MB.

Unloading 12 unused Assets to reduce memory usage. Loaded Objects now: 2285.
Total: 2.611900 ms (FindLiveObjects: 0.370100 ms CreateObjectMapping: 0.102500 ms MarkObjects: 2.031800 ms  DeleteObjects: 0.106000 ms)

========================================================================
Received Prepare
Registering precompiled user dll's ...
Registered in 0.002412 seconds.
Begin MonoManager ReloadAssembly
Symbol file LoadedFromMemory doesn't match image C:\Users\Himanshu\Desktop\New folder (2)\ball block\Library\PackageCache\com.unity.ext.nunit@1.0.0\net35\unity-custom\nunit.framework.dll
Native extension for WindowsStandalone target not found
Refreshing native plugins compatible for Editor in 0.50 ms, found 1 plugins.
Preloading 0 native plugins for Editor in 0.00 ms.
Invoked RoslynAnalysisRunner static constructor.
RoslynAnalysisRunner will not be running.
RoslynAnalysisRunner has terminated.
Mono: successfully reloaded assembly
- Completed reload, in  1.504 seconds
Platform modules already initialized, skipping
Refreshing native plugins compatible for Editor in 0.88 ms, found 1 plugins.
Preloading 0 native plugins for Editor in 0.00 ms.
Unloading 1784 Unused Serialized files (Serialized files now loaded: 0)
System memory in use before: 84.7 MB.
System memory in use after: 84.7 MB.

Unloading 12 unused Assets to reduce memory usage. Loaded Objects now: 2288.
Total: 4.715500 ms (FindLiveObjects: 0.423000 ms CreateObjectMapping: 0.124100 ms MarkObjects: 3.985100 ms  DeleteObjects: 0.181300 ms)

========================================================================
Received Prepare
Registering precompiled user dll's ...
Registered in 0.001435 seconds.
Begin MonoManager ReloadAssembly
Symbol file LoadedFromMemory doesn't match image C:\Users\Himanshu\Desktop\New folder (2)\ball block\Library\PackageCache\com.unity.ext.nunit@1.0.0\net35\unity-custom\nunit.framework.dll
Native extension for WindowsStandalone target not found
Refreshing native plugins compatible for Editor in 0.46 ms, found 1 plugins.
Preloading 0 native plugins for Editor in 0.00 ms.
Invoked RoslynAnalysisRunner static constructor.
RoslynAnalysisRunner will not be running.
RoslynAnalysisRunner has terminated.
Mono: successfully reloaded assembly
- Completed reload, in  1.662 seconds
Platform modules already initialized, skipping
Refreshing native plugins compatible for Editor in 0.48 ms, found 1 plugins.
Preloading 0 native plugins for Editor in 0.00 ms.
Unloading 1784 Unused Serialized files (Serialized files now loaded: 0)
System memory in use before: 84.8 MB.
System memory in use after: 84.8 MB.

Unloading 12 unused Assets to reduce memory usage. Loaded Objects now: 2291.
Total: 2.996800 ms (FindLiveObjects: 0.258000 ms CreateObjectMapping: 0.087600 ms MarkObjects: 2.487100 ms  DeleteObjects: 0.163000 ms)

========================================================================
Received Import Request.
  Time since last request: 223.255633 seconds.
  path: Assets/ball.cs
  artifactKey: Guid(819395a18f50d3843b82da1995e04328) Importer(815301076,1909f56bfc062723c751e8b465ee728b)
Start importing Assets/ball.cs using Guid(819395a18f50d3843b82da1995e04328) Importer(815301076,1909f56bfc062723c751e8b465ee728b)  -> (artifact id: 'fd93d4a7661b98dbbce7897f7652f109') in 0.008731 seconds
  Import took 0.034242 seconds .

========================================================================
Received Import Request.
  Time since last request: 0.005195 seconds.
  path: Assets/ball.cs
  artifactKey: Guid(819395a18f50d3843b82da1995e04328) Importer(815301076,1909f56bfc062723c751e8b465ee728b)
Start importing Assets/ball.cs using Guid(819395a18f50d3843b82da1995e04328) Importer(815301076,1909f56bfc062723c751e8b465ee728b)  -> (artifact id: 'fd93d4a7661b98dbbce7897f7652f109') in 0.004104 seconds
  Import took 0.009917 seconds .

========================================================================
Received Prepare
Registering precompiled user dll's ...
Registered in 0.002335 seconds.
Begin MonoManager ReloadAssembly
Symbol file LoadedFromMemory doesn't match image C:\Users\Himanshu\Desktop\New folder (2)\ball block\Library\PackageCache\com.unity.ext.nunit@1.0.0\net35\unity-custom\nunit.framework.dll
Native extension for WindowsStandalone target not found
Refreshing native plugins compatible for Editor in 0.40 ms, found 1 plugins.
Preloading 0 native plugins for Editor in 0.00 ms.
Invoked RoslynAnalysisRunner static constructor.
RoslynAnalysisRunner will not be running.
RoslynAnalysisRunner has terminated.
Mono: successfully reloaded assembly
- Completed reload, in  1.210 seconds
Platform modules already initialized, skipping
Refreshing native plugins compatible for Editor in 0.41 ms, found 1 plugins.
Preloading 0 native plugins for Editor in 0.00 ms.
Unloading 1784 Unused Serialized files (Serialized files now loaded: 0)
System memory in use before: 84.8 MB.
System memory in use after: 84.8 MB.

Unloading 12 unused Assets to reduce memory usage. Loaded Objects now: 2294.
Total: 3.342800 ms (FindLiveObjects: 0.301700 ms CreateObjectMapping: 0.110300 ms MarkObjects: 2.777800 ms  DeleteObjects: 0.151400 ms)

========================================================================
Received Prepare
Registering precompiled user dll's ...
Registered in 0.001838 seconds.
Begin MonoManager ReloadAssembly
Symbol file LoadedFromMemory doesn't match image C:\Users\Himanshu\Desktop\New folder (2)\ball block\Library\PackageCache\com.unity.ext.nunit@1.0.0\net35\unity-custom\nunit.framework.dll
Native extension for WindowsStandalone target not found
Refreshing native plugins compatible for Editor in 0.50 ms, found 1 plugins.
Preloading 0 native plugins for Editor in 0.00 ms.
Invoked RoslynAnalysisRunner static constructor.
RoslynAnalysisRunner will not be running.
RoslynAnalysisRunner has terminated.
Mono: successfully reloaded assembly
- Completed reload, in  1.711 seconds
Platform modules already initialized, skipping
Refreshing native plugins compatible for Editor in 0.48 ms, found 1 plugins.
Preloading 0 native plugins for Editor in 0.00 ms.
Unloading 1784 Unused Serialized files (Serialized files now loaded: 0)
System memory in use before: 84.9 MB.
System memory in use after: 84.9 MB.

Unloading 12 unused Assets to reduce memory usage. Loaded Objects now: 2297.
Total: 3.274300 ms (FindLiveObjects: 0.369600 ms CreateObjectMapping: 0.102800 ms MarkObjects: 2.589300 ms  DeleteObjects: 0.209100 ms)

========================================================================
Received Prepare
Registering precompiled user dll's ...
Registered in 0.001633 seconds.
Begin MonoManager ReloadAssembly
Symbol file LoadedFromMemory doesn't match image C:\Users\Himanshu\Desktop\New folder (2)\ball block\Library\PackageCache\com.unity.ext.nunit@1.0.0\net35\unity-custom\nunit.framework.dll
Native extension for WindowsStandalone target not found
Refreshing native plugins compatible for Editor in 0.55 ms, found 1 plugins.
Preloading 0 native plugins for Editor in 0.00 ms.
Invoked RoslynAnalysisRunner static constructor.
RoslynAnalysisRunner will not be running.
RoslynAnalysisRunner has terminated.
Mono: successfully reloaded assembly
- Completed reload, in  1.707 seconds
Platform modules already initialized, skipping
Refreshing native plugins compatible for Editor in 0.46 ms, found 1 plugins.
Preloading 0 native plugins for Editor in 0.00 ms.
Unloading 1784 Unused Serialized files (Serialized files now loaded: 0)
System memory in use before: 85.0 MB.
System memory in use after: 85.0 MB.

Unloading 12 unused Assets to reduce memory usage. Loaded Objects now: 2300.
Total: 3.107100 ms (FindLiveObjects: 0.250900 ms CreateObjectMapping: 0.079300 ms MarkObjects: 2.651900 ms  DeleteObjects: 0.123800 ms)

========================================================================
Received Import Request.
  Time since last request: 300.044386 seconds.
  path: Assets/ball.cs
  artifactKey: Guid(819395a18f50d3843b82da1995e04328) Importer(815301076,1909f56bfc062723c751e8b465ee728b)
Start importing Assets/ball.cs using Guid(819395a18f50d3843b82da1995e04328) Importer(815301076,1909f56bfc062723c751e8b465ee728b)  -> (artifact id: 'dc5af0ab63cc79eb5663e4c5b8003472') in 0.008672 seconds
  Import took 0.073682 seconds .

========================================================================
Received Prepare
Registering precompiled user dll's ...
Registered in 0.002079 seconds.
Begin MonoManager ReloadAssembly
Symbol file LoadedFromMemory doesn't match image C:\Users\Himanshu\Desktop\New folder (2)\ball block\Library\PackageCache\com.unity.ext.nunit@1.0.0\net35\unity-custom\nunit.framework.dll
Native extension for WindowsStandalone target not found
Refreshing native plugins compatible for Editor in 0.36 ms, found 1 plugins.
Preloading 0 native plugins for Editor in 0.00 ms.
Invoked RoslynAnalysisRunner static constructor.
RoslynAnalysisRunner will not be running.
RoslynAnalysisRunner has terminated.
Mono: successfully reloaded assembly
- Completed reload, in  1.161 seconds
Platform modules already initialized, skipping
Refreshing native plugins compatible for Editor in 0.37 ms, found 1 plugins.
Preloading 0 native plugins for Editor in 0.00 ms.
Unloading 1784 Unused Serialized files (Serialized files now loaded: 0)
System memory in use before: 85.0 MB.
System memory in use after: 85.0 MB.

Unloading 12 unused Assets to reduce memory usage. Loaded Objects now: 2303.
Total: 2.362000 ms (FindLiveObjects: 0.212900 ms CreateObjectMapping: 0.071100 ms MarkObjects: 1.979700 ms  DeleteObjects: 0.097300 ms)

========================================================================
Received Import Request.
  Time since last request: 91.553720 seconds.
  path: Assets/ball.physicsMaterial2D
  artifactKey: Guid(451a9c5ab65085c48b37afe787a8483d) Importer(815301076,1909f56bfc062723c751e8b465ee728b)
Start importing Assets/ball.physicsMaterial2D using Guid(451a9c5ab65085c48b37afe787a8483d) Importer(815301076,1909f56bfc062723c751e8b465ee728b)  -> (artifact id: '36c3493d6f89bd22a6591c04145a421e') in 0.021514 seconds
  Import took 0.056156 seconds .

========================================================================
Received Prepare
Registering precompiled user dll's ...
Registered in 0.001648 seconds.
Begin MonoManager ReloadAssembly
Symbol file LoadedFromMemory doesn't match image C:\Users\Himanshu\Desktop\New folder (2)\ball block\Library\PackageCache\com.unity.ext.nunit@1.0.0\net35\unity-custom\nunit.framework.dll
Native extension for WindowsStandalone target not found
Refreshing native plugins compatible for Editor in 0.40 ms, found 1 plugins.
Preloading 0 native plugins for Editor in 0.00 ms.
Invoked RoslynAnalysisRunner static constructor.
RoslynAnalysisRunner will not be running.
RoslynAnalysisRunner has terminated.
Mono: successfully reloaded assembly
- Completed reload, in  1.060 seconds
Platform modules already initialized, skipping
Refreshing native plugins compatible for Editor in 0.43 ms, found 1 plugins.
Preloading 0 native plugins for Editor in 0.00 ms.
Unloading 1784 Unused Serialized files (Serialized files now loaded: 0)
System memory in use before: 85.1 MB.
System memory in use after: 85.1 MB.

Unloading 12 unused Assets to reduce memory usage. Loaded Objects now: 2306.
Total: 2.839200 ms (FindLiveObjects: 0.287900 ms CreateObjectMapping: 0.092600 ms MarkObjects: 2.303800 ms  DeleteObjects: 0.153200 ms)

========================================================================
Received Import Request.
  Time since last request: 102.509814 seconds.
  path: Assets/padone.cs
  artifactKey: Guid(895bd9b753519654b870596f6ce5b239) Importer(815301076,1909f56bfc062723c751e8b465ee728b)
Start importing Assets/padone.cs using Guid(895bd9b753519654b870596f6ce5b239) Importer(815301076,1909f56bfc062723c751e8b465ee728b)  -> (artifact id: '3c5c9d2f45ae708afc4ba027e5972b9e') in 0.005694 seconds
  Import took 0.060624 seconds .

========================================================================
Received Prepare
Registering precompiled user dll's ...
Registered in 0.001959 seconds.
Begin MonoManager ReloadAssembly
Symbol file LoadedFromMemory doesn't match image C:\Users\Himanshu\Desktop\New folder (2)\ball block\Library\PackageCache\com.unity.ext.nunit@1.0.0\net35\unity-custom\nunit.framework.dll
Native extension for WindowsStandalone target not found
Refreshing native plugins compatible for Editor in 0.49 ms, found 1 plugins.
Preloading 0 native plugins for Editor in 0.00 ms.
Invoked RoslynAnalysisRunner static constructor.
RoslynAnalysisRunner will not be running.
RoslynAnalysisRunner has terminated.
Mono: successfully reloaded assembly
- Completed reload, in  1.405 seconds
Platform modules already initialized, skipping
Refreshing native plugins compatible for Editor in 0.43 ms, found 1 plugins.
Preloading 0 native plugins for Editor in 0.00 ms.
Unloading 1784 Unused Serialized files (Serialized files now loaded: 0)
System memory in use before: 85.1 MB.
System memory in use after: 85.1 MB.

Unloading 12 unused Assets to reduce memory usage. Loaded Objects now: 2309.
Total: 2.661500 ms (FindLiveObjects: 0.278600 ms CreateObjectMapping: 0.089300 ms MarkObjects: 2.099300 ms  DeleteObjects: 0.193000 ms)

========================================================================
Received Import Request.
  Time since last request: 61.687519 seconds.
  path: Assets/padone.cs
  artifactKey: Guid(895bd9b753519654b870596f6ce5b239) Importer(815301076,1909f56bfc062723c751e8b465ee728b)
Start importing Assets/padone.cs using Guid(895bd9b753519654b870596f6ce5b239) Importer(815301076,1909f56bfc062723c751e8b465ee728b)  -> (artifact id: '9181453a362be878b382b4b33d285b96') in 0.005727 seconds
  Import took 0.082805 seconds .

========================================================================
Received Prepare
Registering precompiled user dll's ...
Registered in 0.001351 seconds.
Begin MonoManager ReloadAssembly
Symbol file LoadedFromMemory doesn't match image C:\Users\Himanshu\Desktop\New folder (2)\ball block\Library\PackageCache\com.unity.ext.nunit@1.0.0\net35\unity-custom\nunit.framework.dll
Native extension for WindowsStandalone target not found
Refreshing native plugins compatible for Editor in 0.91 ms, found 1 plugins.
Preloading 0 native plugins for Editor in 0.00 ms.
Invoked RoslynAnalysisRunner static constructor.
RoslynAnalysisRunner will not be running.
RoslynAnalysisRunner has terminated.
Mono: successfully reloaded assembly
- Completed reload, in  1.615 seconds
Platform modules already initialized, skipping
Refreshing native plugins compatible for Editor in 0.53 ms, found 1 plugins.
Preloading 0 native plugins for Editor in 0.00 ms.
Unloading 1784 Unused Serialized files (Serialized files now loaded: 0)
System memory in use before: 85.2 MB.
System memory in use after: 85.2 MB.

Unloading 12 unused Assets to reduce memory usage. Loaded Objects now: 2312.
Total: 2.910300 ms (FindLiveObjects: 0.323000 ms CreateObjectMapping: 0.108100 ms MarkObjects: 2.326800 ms  DeleteObjects: 0.150400 ms)

========================================================================
Received Prepare
Registering precompiled user dll's ...
Registered in 0.001182 seconds.
Begin MonoManager ReloadAssembly
Symbol file LoadedFromMemory doesn't match image C:\Users\Himanshu\Desktop\New folder (2)\ball block\Library\PackageCache\com.unity.ext.nunit@1.0.0\net35\unity-custom\nunit.framework.dll
Native extension for WindowsStandalone target not found
Refreshing native plugins compatible for Editor in 0.44 ms, found 1 plugins.
Preloading 0 native plugins for Editor in 0.00 ms.
Invoked RoslynAnalysisRunner static constructor.
RoslynAnalysisRunner will not be running.
RoslynAnalysisRunner has terminated.
Mono: successfully reloaded assembly
- Completed reload, in  1.262 seconds
Platform modules already initialized, skipping
Refreshing native plugins compatible for Editor in 0.48 ms, found 1 plugins.
Preloading 0 native plugins for Editor in 0.00 ms.
Unloading 1784 Unused Serialized files (Serialized files now loaded: 0)
System memory in use before: 85.2 MB.
System memory in use after: 85.2 MB.

Unloading 12 unused Assets to reduce memory usage. Loaded Objects now: 2315.
Total: 2.927600 ms (FindLiveObjects: 0.238400 ms CreateObjectMapping: 0.088900 ms MarkObjects: 2.422400 ms  DeleteObjects: 0.174500 ms)

========================================================================
Received Prepare
Registering precompiled user dll's ...
Registered in 0.001137 seconds.
Begin MonoManager ReloadAssembly
Symbol file LoadedFromMemory doesn't match image C:\Users\Himanshu\Desktop\New folder (2)\ball block\Library\PackageCache\com.unity.ext.nunit@1.0.0\net35\unity-custom\nunit.framework.dll
Native extension for WindowsStandalone target not found
Refreshing native plugins compatible for Editor in 0.72 ms, found 1 plugins.
Preloading 0 native plugins for Editor in 0.00 ms.
Invoked RoslynAnalysisRunner static constructor.
RoslynAnalysisRunner will not be running.
RoslynAnalysisRunner has terminated.
Mono: successfully reloaded assembly
- Completed reload, in  1.362 seconds
Platform modules already initialized, skipping
Refreshing native plugins compatible for Editor in 0.59 ms, found 1 plugins.
Preloading 0 native plugins for Editor in 0.00 ms.
Unloading 1784 Unused Serialized files (Serialized files now loaded: 0)
System memory in use before: 85.3 MB.
System memory in use after: 85.3 MB.

Unloading 12 unused Assets to reduce memory usage. Loaded Objects now: 2318.
Total: 3.132600 ms (FindLiveObjects: 0.269300 ms CreateObjectMapping: 0.098400 ms MarkObjects: 2.625700 ms  DeleteObjects: 0.137500 ms)

========================================================================
Received Prepare
Registering precompiled user dll's ...
Registered in 0.001610 seconds.
Begin MonoManager ReloadAssembly
Symbol file LoadedFromMemory doesn't match image C:\Users\Himanshu\Desktop\New folder (2)\ball block\Library\PackageCache\com.unity.ext.nunit@1.0.0\net35\unity-custom\nunit.framework.dll
Native extension for WindowsStandalone target not found
Refreshing native plugins compatible for Editor in 0.51 ms, found 1 plugins.
Preloading 0 native plugins for Editor in 0.00 ms.
Invoked RoslynAnalysisRunner static constructor.
RoslynAnalysisRunner will not be running.
RoslynAnalysisRunner has terminated.
Mono: successfully reloaded assembly
- Completed reload, in  1.311 seconds
Platform modules already initialized, skipping
Refreshing native plugins compatible for Editor in 0.45 ms, found 1 plugins.
Preloading 0 native plugins for Editor in 0.00 ms.
Unloading 1784 Unused Serialized files (Serialized files now loaded: 0)
System memory in use before: 85.4 MB.
System memory in use after: 85.4 MB.

Unloading 12 unused Assets to reduce memory usage. Loaded Objects now: 2321.
Total: 2.613700 ms (FindLiveObjects: 0.236500 ms CreateObjectMapping: 0.082900 ms MarkObjects: 2.176900 ms  DeleteObjects: 0.116100 ms)

========================================================================
Received Prepare
Registering precompiled user dll's ...
Registered in 0.001064 seconds.
Begin MonoManager ReloadAssembly
Symbol file LoadedFromMemory doesn't match image C:\Users\Himanshu\Desktop\New folder (2)\ball block\Library\PackageCache\com.unity.ext.nunit@1.0.0\net35\unity-custom\nunit.framework.dll
Native extension for WindowsStandalone target not found
Refreshing native plugins compatible for Editor in 0.41 ms, found 1 plugins.
Preloading 0 native plugins for Editor in 0.00 ms.
Invoked RoslynAnalysisRunner static constructor.
RoslynAnalysisRunner will not be running.
RoslynAnalysisRunner has terminated.
Mono: successfully reloaded assembly
- Completed reload, in  1.379 seconds
Platform modules already initialized, skipping
Refreshing native plugins compatible for Editor in 0.41 ms, found 1 plugins.
Preloading 0 native plugins for Editor in 0.00 ms.
Unloading 1784 Unused Serialized files (Serialized files now loaded: 0)
System memory in use before: 85.4 MB.
System memory in use after: 85.4 MB.

Unloading 12 unused Assets to reduce memory usage. Loaded Objects now: 2324.
Total: 3.182300 ms (FindLiveObjects: 0.434100 ms CreateObjectMapping: 0.198900 ms MarkObjects: 2.424500 ms  DeleteObjects: 0.122900 ms)

========================================================================
Received Prepare
Registering precompiled user dll's ...
Registered in 0.001354 seconds.
Begin MonoManager ReloadAssembly
Symbol file LoadedFromMemory doesn't match image C:\Users\Himanshu\Desktop\New folder (2)\ball block\Library\PackageCache\com.unity.ext.nunit@1.0.0\net35\unity-custom\nunit.framework.dll
Native extension for WindowsStandalone target not found
Refreshing native plugins compatible for Editor in 0.59 ms, found 1 plugins.
Preloading 0 native plugins for Editor in 0.00 ms.
Invoked RoslynAnalysisRunner static constructor.
RoslynAnalysisRunner will not be running.
RoslynAnalysisRunner has terminated.
Mono: successfully reloaded assembly
- Completed reload, in  1.245 seconds
Platform modules already initialized, skipping
Refreshing native plugins compatible for Editor in 0.47 ms, found 1 plugins.
Preloading 0 native plugins for Editor in 0.00 ms.
Unloading 1784 Unused Serialized files (Serialized files now loaded: 0)
System memory in use before: 85.5 MB.
System memory in use after: 85.5 MB.

Unloading 12 unused Assets to reduce memory usage. Loaded Objects now: 2327.
Total: 4.051300 ms (FindLiveObjects: 0.281300 ms CreateObjectMapping: 0.090300 ms MarkObjects: 3.462800 ms  DeleteObjects: 0.215400 ms)

========================================================================
Received Import Request.
  Time since last request: 431.484416 seconds.
  path: Assets/ball.cs
  artifactKey: Guid(819395a18f50d3843b82da1995e04328) Importer(815301076,1909f56bfc062723c751e8b465ee728b)
Start importing Assets/ball.cs using Guid(819395a18f50d3843b82da1995e04328) Importer(815301076,1909f56bfc062723c751e8b465ee728b)  -> (artifact id: '4d5b7ae2bee134d5618793b825b37258') in 0.007371 seconds
  Import took 0.038557 seconds .

========================================================================
Received Prepare
Registering precompiled user dll's ...
Registered in 0.001290 seconds.
Begin MonoManager ReloadAssembly
Symbol file LoadedFromMemory doesn't match image C:\Users\Himanshu\Desktop\New folder (2)\ball block\Library\PackageCache\com.unity.ext.nunit@1.0.0\net35\unity-custom\nunit.framework.dll
Native extension for WindowsStandalone target not found
Refreshing native plugins compatible for Editor in 0.71 ms, found 1 plugins.
Preloading 0 native plugins for Editor in 0.00 ms.
Invoked RoslynAnalysisRunner static constructor.
RoslynAnalysisRunner will not be running.
RoslynAnalysisRunner has terminated.
Mono: successfully reloaded assembly
- Completed reload, in  1.279 seconds
Platform modules already initialized, skipping
Refreshing native plugins compatible for Editor in 0.43 ms, found 1 plugins.
Preloading 0 native plugins for Editor in 0.00 ms.
Unloading 1784 Unused Serialized files (Serialized files now loaded: 0)
System memory in use before: 85.5 MB.
System memory in use after: 85.5 MB.

Unloading 12 unused Assets to reduce memory usage. Loaded Objects now: 2330.
Total: 2.999600 ms (FindLiveObjects: 0.353700 ms CreateObjectMapping: 0.091800 ms MarkObjects: 2.437000 ms  DeleteObjects: 0.115500 ms)

========================================================================
Received Import Request.
  Time since last request: 26.382642 seconds.
  path: Assets/ball.cs
  artifactKey: Guid(819395a18f50d3843b82da1995e04328) Importer(815301076,1909f56bfc062723c751e8b465ee728b)
Start importing Assets/ball.cs using Guid(819395a18f50d3843b82da1995e04328) Importer(815301076,1909f56bfc062723c751e8b465ee728b)  -> (artifact id: '07dcc4db4defcd379464b75d29467d52') in 0.006720 seconds
  Import took 0.052550 seconds .

========================================================================
Received Prepare
Registering precompiled user dll's ...
Registered in 0.002072 seconds.
Begin MonoManager ReloadAssembly
Symbol file LoadedFromMemory doesn't match image C:\Users\Himanshu\Desktop\New folder (2)\ball block\Library\PackageCache\com.unity.ext.nunit@1.0.0\net35\unity-custom\nunit.framework.dll
Native extension for WindowsStandalone target not found
Refreshing native plugins compatible for Editor in 0.68 ms, found 1 plugins.
Preloading 0 native plugins for Editor in 0.00 ms.
Invoked RoslynAnalysisRunner static constructor.
RoslynAnalysisRunner will not be running.
RoslynAnalysisRunner has terminated.
Mono: successfully reloaded assembly
- Completed reload, in  1.277 seconds
Platform modules already initialized, skipping
Refreshing native plugins compatible for Editor in 0.45 ms, found 1 plugins.
Preloading 0 native plugins for Editor in 0.00 ms.
Unloading 1784 Unused Serialized files (Serialized files now loaded: 0)
System memory in use before: 85.6 MB.
System memory in use after: 85.6 MB.

Unloading 12 unused Assets to reduce memory usage. Loaded Objects now: 2333.
Total: 2.669300 ms (FindLiveObjects: 0.252400 ms CreateObjectMapping: 0.117400 ms MarkObjects: 2.181500 ms  DeleteObjects: 0.116900 ms)

========================================================================
Received Prepare
Registering precompiled user dll's ...
Registered in 0.001531 seconds.
Begin MonoManager ReloadAssembly
Symbol file LoadedFromMemory doesn't match image C:\Users\Himanshu\Desktop\New folder (2)\ball block\Library\PackageCache\com.unity.ext.nunit@1.0.0\net35\unity-custom\nunit.framework.dll
Native extension for WindowsStandalone target not found
Refreshing native plugins compatible for Editor in 0.73 ms, found 1 plugins.
Preloading 0 native plugins for Editor in 0.00 ms.
Invoked RoslynAnalysisRunner static constructor.
RoslynAnalysisRunner will not be running.
RoslynAnalysisRunner has terminated.
Mono: successfully reloaded assembly
- Completed reload, in  1.679 seconds
Platform modules already initialized, skipping
Refreshing native plugins compatible for Editor in 0.96 ms, found 1 plugins.
Preloading 0 native plugins for Editor in 0.00 ms.
Unloading 1784 Unused Serialized files (Serialized files now loaded: 0)
System memory in use before: 85.6 MB.
System memory in use after: 85.6 MB.

Unloading 12 unused Assets to reduce memory usage. Loaded Objects now: 2336.
Total: 4.301600 ms (FindLiveObjects: 0.295900 ms CreateObjectMapping: 0.147900 ms MarkObjects: 3.672700 ms  DeleteObjects: 0.183800 ms)

========================================================================
Received Prepare
Registering precompiled user dll's ...
Registered in 0.001441 seconds.
Begin MonoManager ReloadAssembly
Symbol file LoadedFromMemory doesn't match image C:\Users\Himanshu\Desktop\New folder (2)\ball block\Library\PackageCache\com.unity.ext.nunit@1.0.0\net35\unity-custom\nunit.framework.dll
Native extension for WindowsStandalone target not found
Refreshing native plugins compatible for Editor in 0.45 ms, found 1 plugins.
Preloading 0 native plugins for Editor in 0.00 ms.
Invoked RoslynAnalysisRunner static constructor.
RoslynAnalysisRunner will not be running.
RoslynAnalysisRunner has terminated.
Mono: successfully reloaded assembly
- Completed reload, in  1.315 seconds
Platform modules already initialized, skipping
Refreshing native plugins compatible for Editor in 0.47 ms, found 1 plugins.
Preloading 0 native plugins for Editor in 0.00 ms.
Unloading 1784 Unused Serialized files (Serialized files now loaded: 0)
System memory in use before: 85.7 MB.
System memory in use after: 85.7 MB.

Unloading 12 unused Assets to reduce memory usage. Loaded Objects now: 2339.
Total: 2.700000 ms (FindLiveObjects: 0.288100 ms CreateObjectMapping: 0.092800 ms MarkObjects: 2.201800 ms  DeleteObjects: 0.116100 ms)

========================================================================
Received Import Request.
  Time since last request: 884.025509 seconds.
  path: Assets/ball.physicsMaterial2D
  artifactKey: Guid(451a9c5ab65085c48b37afe787a8483d) Importer(815301076,1909f56bfc062723c751e8b465ee728b)
Start importing Assets/ball.physicsMaterial2D using Guid(451a9c5ab65085c48b37afe787a8483d) Importer(815301076,1909f56bfc062723c751e8b465ee728b)  -> (artifact id: '79d78d3187b225ea0e83f20fd198a864') in 0.019721 seconds
  Import took 0.025768 seconds .

========================================================================
Received Prepare
Registering precompiled user dll's ...
Registered in 0.002277 seconds.
Begin MonoManager ReloadAssembly
Symbol file LoadedFromMemory doesn't match image C:\Users\Himanshu\Desktop\New folder (2)\ball block\Library\PackageCache\com.unity.ext.nunit@1.0.0\net35\unity-custom\nunit.framework.dll
Native extension for WindowsStandalone target not found
Refreshing native plugins compatible for Editor in 0.49 ms, found 1 plugins.
Preloading 0 native plugins for Editor in 0.00 ms.
Invoked RoslynAnalysisRunner static constructor.
RoslynAnalysisRunner will not be running.
RoslynAnalysisRunner has terminated.
Mono: successfully reloaded assembly
- Completed reload, in  1.768 seconds
Platform modules already initialized, skipping
Refreshing native plugins compatible for Editor in 0.43 ms, found 1 plugins.
Preloading 0 native plugins for Editor in 0.00 ms.
Unloading 1831 Unused Serialized files (Serialized files now loaded: 0)
System memory in use before: 88.3 MB.
System memory in use after: 87.8 MB.

Unloading 25 unused Assets to reduce memory usage. Loaded Objects now: 2376.
Total: 3.492400 ms (FindLiveObjects: 0.447700 ms CreateObjectMapping: 0.154800 ms MarkObjects: 2.477000 ms  DeleteObjects: 0.411000 ms)

========================================================================
Received Prepare
Registering precompiled user dll's ...
Registered in 0.001143 seconds.
Begin MonoManager ReloadAssembly
Symbol file LoadedFromMemory doesn't match image C:\Users\Himanshu\Desktop\New folder (2)\ball block\Library\PackageCache\com.unity.ext.nunit@1.0.0\net35\unity-custom\nunit.framework.dll
Native extension for WindowsStandalone target not found
Refreshing native plugins compatible for Editor in 0.96 ms, found 1 plugins.
Preloading 0 native plugins for Editor in 0.00 ms.
Invoked RoslynAnalysisRunner static constructor.
RoslynAnalysisRunner will not be running.
RoslynAnalysisRunner has terminated.
Mono: successfully reloaded assembly
- Completed reload, in  1.523 seconds
Platform modules already initialized, skipping
Refreshing native plugins compatible for Editor in 0.44 ms, found 1 plugins.
Preloading 0 native plugins for Editor in 0.00 ms.
Unloading 1832 Unused Serialized files (Serialized files now loaded: 0)
System memory in use before: 88.4 MB.
System memory in use after: 87.8 MB.

Unloading 25 unused Assets to reduce memory usage. Loaded Objects now: 2380.
Total: 3.576900 ms (FindLiveObjects: 0.750900 ms CreateObjectMapping: 0.142700 ms MarkObjects: 2.258400 ms  DeleteObjects: 0.423700 ms)

========================================================================
Received Prepare
Registering precompiled user dll's ...
Registered in 0.001936 seconds.
Begin MonoManager ReloadAssembly
Symbol file LoadedFromMemory doesn't match image C:\Users\Himanshu\Desktop\New folder (2)\ball block\Library\PackageCache\com.unity.ext.nunit@1.0.0\net35\unity-custom\nunit.framework.dll
Native extension for WindowsStandalone target not found
Refreshing native plugins compatible for Editor in 1.70 ms, found 1 plugins.
Preloading 0 native plugins for Editor in 0.00 ms.
Invoked RoslynAnalysisRunner static constructor.
RoslynAnalysisRunner will not be running.
RoslynAnalysisRunner has terminated.
Mono: successfully reloaded assembly
- Completed reload, in  1.353 seconds
Platform modules already initialized, skipping
Refreshing native plugins compatible for Editor in 0.44 ms, found 1 plugins.
Preloading 0 native plugins for Editor in 0.00 ms.
Unloading 1832 Unused Serialized files (Serialized files now loaded: 0)
System memory in use before: 88.4 MB.
System memory in use after: 87.9 MB.

Unloading 25 unused Assets to reduce memory usage. Loaded Objects now: 2383.
Total: 4.781500 ms (FindLiveObjects: 0.249100 ms CreateObjectMapping: 0.080200 ms MarkObjects: 2.444600 ms  DeleteObjects: 2.004400 ms)

========================================================================
Received Import Request.
  Time since last request: 279.980986 seconds.
  path: Assets/score.cs
  artifactKey: Guid(6a9b241cd33e0d74a905b722c3c36289) Importer(815301076,1909f56bfc062723c751e8b465ee728b)
Start importing Assets/score.cs using Guid(6a9b241cd33e0d74a905b722c3c36289) Importer(815301076,1909f56bfc062723c751e8b465ee728b)  -> (artifact id: '52f3298ba8732e7b08d15b80a2b1d815') in 0.008001 seconds
  Import took 0.040609 seconds .

========================================================================
Received Prepare
Registering precompiled user dll's ...
Registered in 0.001562 seconds.
Begin MonoManager ReloadAssembly
Symbol file LoadedFromMemory doesn't match image C:\Users\Himanshu\Desktop\New folder (2)\ball block\Library\PackageCache\com.unity.ext.nunit@1.0.0\net35\unity-custom\nunit.framework.dll
Native extension for WindowsStandalone target not found
Refreshing native plugins compatible for Editor in 0.44 ms, found 1 plugins.
Preloading 0 native plugins for Editor in 0.00 ms.
Invoked RoslynAnalysisRunner static constructor.
RoslynAnalysisRunner will not be running.
RoslynAnalysisRunner has terminated.
Mono: successfully reloaded assembly
- Completed reload, in  1.439 seconds
Platform modules already initialized, skipping
Refreshing native plugins compatible for Editor in 0.98 ms, found 1 plugins.
Preloading 0 native plugins for Editor in 0.00 ms.
Unloading 1832 Unused Serialized files (Serialized files now loaded: 0)
System memory in use before: 87.5 MB.
System memory in use after: 87.0 MB.

Unloading 25 unused Assets to reduce memory usage. Loaded Objects now: 2386.
Total: 4.959400 ms (FindLiveObjects: 0.522200 ms CreateObjectMapping: 0.445800 ms MarkObjects: 3.456100 ms  DeleteObjects: 0.532800 ms)

========================================================================
Received Import Request.
  Time since last request: 501.532926 seconds.
  path: Assets/score.cs
  artifactKey: Guid(6a9b241cd33e0d74a905b722c3c36289) Importer(815301076,1909f56bfc062723c751e8b465ee728b)
Start importing Assets/score.cs using Guid(6a9b241cd33e0d74a905b722c3c36289) Importer(815301076,1909f56bfc062723c751e8b465ee728b)  -> (artifact id: 'd41682a41fab9b775d87159e1285652d') in 0.010049 seconds
  Import took 0.015999 seconds .

========================================================================
Received Import Request.
  Time since last request: 0.003044 seconds.
  path: Assets/score.cs
  artifactKey: Guid(6a9b241cd33e0d74a905b722c3c36289) Importer(815301076,1909f56bfc062723c751e8b465ee728b)
Start importing Assets/score.cs using Guid(6a9b241cd33e0d74a905b722c3c36289) Importer(815301076,1909f56bfc062723c751e8b465ee728b)  -> (artifact id: 'd41682a41fab9b775d87159e1285652d') in 0.004076 seconds
  Import took 0.008623 seconds .

========================================================================
Received Prepare
Registering precompiled user dll's ...
Registered in 0.003247 seconds.
Begin MonoManager ReloadAssembly
Symbol file LoadedFromMemory doesn't match image C:\Users\Himanshu\Desktop\New folder (2)\ball block\Library\PackageCache\com.unity.ext.nunit@1.0.0\net35\unity-custom\nunit.framework.dll
Native extension for WindowsStandalone target not found
Refreshing native plugins compatible for Editor in 0.44 ms, found 1 plugins.
Preloading 0 native plugins for Editor in 0.00 ms.
Invoked RoslynAnalysisRunner static constructor.
RoslynAnalysisRunner will not be running.
RoslynAnalysisRunner has terminated.
Mono: successfully reloaded assembly
- Completed reload, in  1.391 seconds
Platform modules already initialized, skipping
Refreshing native plugins compatible for Editor in 0.48 ms, found 1 plugins.
Preloading 0 native plugins for Editor in 0.00 ms.
Unloading 1832 Unused Serialized files (Serialized files now loaded: 0)
System memory in use before: 87.6 MB.
System memory in use after: 87.0 MB.

Unloading 25 unused Assets to reduce memory usage. Loaded Objects now: 2389.
Total: 3.912900 ms (FindLiveObjects: 0.296800 ms CreateObjectMapping: 0.131400 ms MarkObjects: 2.913300 ms  DeleteObjects: 0.569800 ms)

========================================================================
Received Prepare
Registering precompiled user dll's ...
Registered in 0.001409 seconds.
Begin MonoManager ReloadAssembly
Symbol file LoadedFromMemory doesn't match image C:\Users\Himanshu\Desktop\New folder (2)\ball block\Library\PackageCache\com.unity.ext.nunit@1.0.0\net35\unity-custom\nunit.framework.dll
Native extension for WindowsStandalone target not found
Refreshing native plugins compatible for Editor in 0.51 ms, found 1 plugins.
Preloading 0 native plugins for Editor in 0.00 ms.
Invoked RoslynAnalysisRunner static constructor.
RoslynAnalysisRunner will not be running.
RoslynAnalysisRunner has terminated.
Mono: successfully reloaded assembly
- Completed reload, in  1.551 seconds
Platform modules already initialized, skipping
Refreshing native plugins compatible for Editor in 0.48 ms, found 1 plugins.
Preloading 0 native plugins for Editor in 0.00 ms.
Unloading 1832 Unused Serialized files (Serialized files now loaded: 0)
System memory in use before: 87.7 MB.
System memory in use after: 87.1 MB.

Unloading 25 unused Assets to reduce memory usage. Loaded Objects now: 2392.
Total: 6.544400 ms (FindLiveObjects: 0.563000 ms CreateObjectMapping: 0.193400 ms MarkObjects: 4.707500 ms  DeleteObjects: 1.078100 ms)

========================================================================
Received Import Request.
  Time since last request: 1200.342134 seconds.
  path: Assets/ball.cs
  artifactKey: Guid(819395a18f50d3843b82da1995e04328) Importer(815301076,1909f56bfc062723c751e8b465ee728b)
Start importing Assets/ball.cs using Guid(819395a18f50d3843b82da1995e04328) Importer(815301076,1909f56bfc062723c751e8b465ee728b)  -> (artifact id: 'b979537be1bb70a61a3118041544f7ed') in 0.008992 seconds
  Import took 0.014256 seconds .

========================================================================
Received Import Request.
  Time since last request: 0.000620 seconds.
  path: Assets/ball.cs
  artifactKey: Guid(819395a18f50d3843b82da1995e04328) Importer(815301076,1909f56bfc062723c751e8b465ee728b)
Start importing Assets/ball.cs using Guid(819395a18f50d3843b82da1995e04328) Importer(815301076,1909f56bfc062723c751e8b465ee728b)  -> (artifact id: 'b979537be1bb70a61a3118041544f7ed') in 0.005096 seconds
  Import took 0.010416 seconds .

========================================================================
Received Import Request.
  Time since last request: 5.598155 seconds.
  path: Assets/score.cs
  artifactKey: Guid(6a9b241cd33e0d74a905b722c3c36289) Importer(815301076,1909f56bfc062723c751e8b465ee728b)
Start importing Assets/score.cs using Guid(6a9b241cd33e0d74a905b722c3c36289) Importer(815301076,1909f56bfc062723c751e8b465ee728b)  -> (artifact id: 'a9b25c0d340e898b39114d1ee19d3cfe') in 0.003380 seconds
  Import took 0.008002 seconds .

========================================================================
Received Import Request.
  Time since last request: 0.002508 seconds.
  path: Assets/score.cs
  artifactKey: Guid(6a9b241cd33e0d74a905b722c3c36289) Importer(815301076,1909f56bfc062723c751e8b465ee728b)
Start importing Assets/score.cs using Guid(6a9b241cd33e0d74a905b722c3c36289) Importer(815301076,1909f56bfc062723c751e8b465ee728b)  -> (artifact id: 'a9b25c0d340e898b39114d1ee19d3cfe') in 0.004484 seconds
  Import took 0.008968 seconds .

========================================================================
Received Prepare
Registering precompiled user dll's ...
Registered in 0.001070 seconds.
Begin MonoManager ReloadAssembly
Symbol file LoadedFromMemory doesn't match image C:\Users\Himanshu\Desktop\New folder (2)\ball block\Library\PackageCache\com.unity.ext.nunit@1.0.0\net35\unity-custom\nunit.framework.dll
Native extension for WindowsStandalone target not found
Refreshing native plugins compatible for Editor in 0.42 ms, found 1 plugins.
Preloading 0 native plugins for Editor in 0.00 ms.
Invoked RoslynAnalysisRunner static constructor.
RoslynAnalysisRunner will not be running.
RoslynAnalysisRunner has terminated.
Mono: successfully reloaded assembly
- Completed reload, in  1.189 seconds
Platform modules already initialized, skipping
Refreshing native plugins compatible for Editor in 0.39 ms, found 1 plugins.
Preloading 0 native plugins for Editor in 0.00 ms.
Unloading 1832 Unused Serialized files (Serialized files now loaded: 0)
System memory in use before: 87.7 MB.
System memory in use after: 87.1 MB.

Unloading 25 unused Assets to reduce memory usage. Loaded Objects now: 2395.
Total: 2.862300 ms (FindLiveObjects: 0.338900 ms CreateObjectMapping: 0.082000 ms MarkObjects: 2.025800 ms  DeleteObjects: 0.414700 ms)

========================================================================
Received Prepare
Registering precompiled user dll's ...
Registered in 0.001619 seconds.
Begin MonoManager ReloadAssembly
Symbol file LoadedFromMemory doesn't match image C:\Users\Himanshu\Desktop\New folder (2)\ball block\Library\PackageCache\com.unity.ext.nunit@1.0.0\net35\unity-custom\nunit.framework.dll
Native extension for WindowsStandalone target not found
Refreshing native plugins compatible for Editor in 0.51 ms, found 1 plugins.
Preloading 0 native plugins for Editor in 0.00 ms.
Invoked RoslynAnalysisRunner static constructor.
RoslynAnalysisRunner will not be running.
RoslynAnalysisRunner has terminated.
Mono: successfully reloaded assembly
- Completed reload, in  1.502 seconds
Platform modules already initialized, skipping
Refreshing native plugins compatible for Editor in 0.50 ms, found 1 plugins.
Preloading 0 native plugins for Editor in 0.00 ms.
Unloading 1832 Unused Serialized files (Serialized files now loaded: 0)
System memory in use before: 87.8 MB.
System memory in use after: 87.2 MB.

Unloading 25 unused Assets to reduce memory usage. Loaded Objects now: 2398.
Total: 2.887900 ms (FindLiveObjects: 0.298800 ms CreateObjectMapping: 0.104200 ms MarkObjects: 2.054400 ms  DeleteObjects: 0.429000 ms)

========================================================================
Received Prepare
Registering precompiled user dll's ...
Registered in 0.001139 seconds.
Begin MonoManager ReloadAssembly
Symbol file LoadedFromMemory doesn't match image C:\Users\Himanshu\Desktop\New folder (2)\ball block\Library\PackageCache\com.unity.ext.nunit@1.0.0\net35\unity-custom\nunit.framework.dll
Native extension for WindowsStandalone target not found
Refreshing native plugins compatible for Editor in 0.48 ms, found 1 plugins.
Preloading 0 native plugins for Editor in 0.00 ms.
Invoked RoslynAnalysisRunner static constructor.
RoslynAnalysisRunner will not be running.
RoslynAnalysisRunner has terminated.
Mono: successfully reloaded assembly
- Completed reload, in  1.386 seconds
Platform modules already initialized, skipping
Refreshing native plugins compatible for Editor in 0.84 ms, found 1 plugins.
Preloading 0 native plugins for Editor in 0.00 ms.
Unloading 1832 Unused Serialized files (Serialized files now loaded: 0)
System memory in use before: 87.8 MB.
System memory in use after: 87.2 MB.

Unloading 25 unused Assets to reduce memory usage. Loaded Objects now: 2401.
Total: 3.592000 ms (FindLiveObjects: 0.293700 ms CreateObjectMapping: 0.098700 ms MarkObjects: 2.638700 ms  DeleteObjects: 0.559000 ms)

========================================================================
Received Prepare
Registering precompiled user dll's ...
Registered in 0.001546 seconds.
Begin MonoManager ReloadAssembly
Symbol file LoadedFromMemory doesn't match image C:\Users\Himanshu\Desktop\New folder (2)\ball block\Library\PackageCache\com.unity.ext.nunit@1.0.0\net35\unity-custom\nunit.framework.dll
Native extension for WindowsStandalone target not found
Refreshing native plugins compatible for Editor in 0.52 ms, found 1 plugins.
Preloading 0 native plugins for Editor in 0.00 ms.
Invoked RoslynAnalysisRunner static constructor.
RoslynAnalysisRunner will not be running.
RoslynAnalysisRunner has terminated.
Mono: successfully reloaded assembly
- Completed reload, in  1.549 seconds
Platform modules already initialized, skipping
Refreshing native plugins compatible for Editor in 0.52 ms, found 1 plugins.
Preloading 0 native plugins for Editor in 0.00 ms.
Unloading 1832 Unused Serialized files (Serialized files now loaded: 0)
System memory in use before: 87.9 MB.
System memory in use after: 87.3 MB.

Unloading 25 unused Assets to reduce memory usage. Loaded Objects now: 2404.
Total: 3.746500 ms (FindLiveObjects: 0.290200 ms CreateObjectMapping: 0.109000 ms MarkObjects: 2.800900 ms  DeleteObjects: 0.544100 ms)

========================================================================
Received Prepare
Registering precompiled user dll's ...
Registered in 0.001304 seconds.
Begin MonoManager ReloadAssembly
Symbol file LoadedFromMemory doesn't match image C:\Users\Himanshu\Desktop\New folder (2)\ball block\Library\PackageCache\com.unity.ext.nunit@1.0.0\net35\unity-custom\nunit.framework.dll
Native extension for WindowsStandalone target not found
Refreshing native plugins compatible for Editor in 0.48 ms, found 1 plugins.
Preloading 0 native plugins for Editor in 0.00 ms.
Invoked RoslynAnalysisRunner static constructor.
RoslynAnalysisRunner will not be running.
RoslynAnalysisRunner has terminated.
Mono: successfully reloaded assembly
- Completed reload, in  1.417 seconds
Platform modules already initialized, skipping
Refreshing native plugins compatible for Editor in 0.50 ms, found 1 plugins.
Preloading 0 native plugins for Editor in 0.00 ms.
Unloading 1832 Unused Serialized files (Serialized files now loaded: 0)
System memory in use before: 87.9 MB.
System memory in use after: 87.4 MB.

Unloading 25 unused Assets to reduce memory usage. Loaded Objects now: 2407.
Total: 3.510900 ms (FindLiveObjects: 0.275200 ms CreateObjectMapping: 0.110400 ms MarkObjects: 2.608400 ms  DeleteObjects: 0.515400 ms)

========================================================================
Received Prepare
Registering precompiled user dll's ...
Registered in 0.001478 seconds.
Begin MonoManager ReloadAssembly
Symbol file LoadedFromMemory doesn't match image C:\Users\Himanshu\Desktop\New folder (2)\ball block\Library\PackageCache\com.unity.ext.nunit@1.0.0\net35\unity-custom\nunit.framework.dll
Native extension for WindowsStandalone target not found
Refreshing native plugins compatible for Editor in 0.79 ms, found 1 plugins.
Preloading 0 native plugins for Editor in 0.00 ms.
Invoked RoslynAnalysisRunner static constructor.
RoslynAnalysisRunner will not be running.
RoslynAnalysisRunner has terminated.
Mono: successfully reloaded assembly
- Completed reload, in  2.551 seconds
Platform modules already initialized, skipping
Refreshing native plugins compatible for Editor in 0.50 ms, found 1 plugins.
Preloading 0 native plugins for Editor in 0.00 ms.
Unloading 1832 Unused Serialized files (Serialized files now loaded: 0)
System memory in use before: 88.0 MB.
System memory in use after: 87.4 MB.

Unloading 25 unused Assets to reduce memory usage. Loaded Objects now: 2410.
Total: 3.920400 ms (FindLiveObjects: 0.372100 ms CreateObjectMapping: 0.143400 ms MarkObjects: 2.655000 ms  DeleteObjects: 0.748200 ms)

========================================================================
Received Prepare
Registering precompiled user dll's ...
Registered in 0.001482 seconds.
Begin MonoManager ReloadAssembly
Symbol file LoadedFromMemory doesn't match image C:\Users\Himanshu\Desktop\New folder (2)\ball block\Library\PackageCache\com.unity.ext.nunit@1.0.0\net35\unity-custom\nunit.framework.dll
Native extension for WindowsStandalone target not found
Refreshing native plugins compatible for Editor in 0.52 ms, found 1 plugins.
Preloading 0 native plugins for Editor in 0.00 ms.
Invoked RoslynAnalysisRunner static constructor.
RoslynAnalysisRunner will not be running.
RoslynAnalysisRunner has terminated.
Mono: successfully reloaded assembly
- Completed reload, in  1.573 seconds
Platform modules already initialized, skipping
Refreshing native plugins compatible for Editor in 0.43 ms, found 1 plugins.
Preloading 0 native plugins for Editor in 0.00 ms.
Unloading 1832 Unused Serialized files (Serialized files now loaded: 0)
System memory in use before: 88.1 MB.
System memory in use after: 87.5 MB.

Unloading 25 unused Assets to reduce memory usage. Loaded Objects now: 2413.
Total: 3.167000 ms (FindLiveObjects: 0.269900 ms CreateObjectMapping: 0.072500 ms MarkObjects: 2.342500 ms  DeleteObjects: 0.480800 ms)

========================================================================
Received Prepare
Registering precompiled user dll's ...
Registered in 0.002316 seconds.
Begin MonoManager ReloadAssembly
Symbol file LoadedFromMemory doesn't match image C:\Users\Himanshu\Desktop\New folder (2)\ball block\Library\PackageCache\com.unity.ext.nunit@1.0.0\net35\unity-custom\nunit.framework.dll
Native extension for WindowsStandalone target not found
Refreshing native plugins compatible for Editor in 0.45 ms, found 1 plugins.
Preloading 0 native plugins for Editor in 0.00 ms.
Invoked RoslynAnalysisRunner static constructor.
RoslynAnalysisRunner will not be running.
RoslynAnalysisRunner has terminated.
Mono: successfully reloaded assembly
- Completed reload, in  1.338 seconds
Platform modules already initialized, skipping
Refreshing native plugins compatible for Editor in 0.79 ms, found 1 plugins.
Preloading 0 native plugins for Editor in 0.00 ms.
Unloading 1832 Unused Serialized files (Serialized files now loaded: 0)
System memory in use before: 88.1 MB.
System memory in use after: 87.5 MB.

Unloading 25 unused Assets to reduce memory usage. Loaded Objects now: 2416.
Total: 4.139900 ms (FindLiveObjects: 0.283800 ms CreateObjectMapping: 0.093600 ms MarkObjects: 3.289400 ms  DeleteObjects: 0.471400 ms)

========================================================================
Received Prepare
Registering precompiled user dll's ...
Registered in 0.001105 seconds.
Begin MonoManager ReloadAssembly
Symbol file LoadedFromMemory doesn't match image C:\Users\Himanshu\Desktop\New folder (2)\ball block\Library\PackageCache\com.unity.ext.nunit@1.0.0\net35\unity-custom\nunit.framework.dll
Native extension for WindowsStandalone target not found
Refreshing native plugins compatible for Editor in 0.51 ms, found 1 plugins.
Preloading 0 native plugins for Editor in 0.00 ms.
Invoked RoslynAnalysisRunner static constructor.
RoslynAnalysisRunner will not be running.
RoslynAnalysisRunner has terminated.
Mono: successfully reloaded assembly
- Completed reload, in  1.428 seconds
Platform modules already initialized, skipping
Refreshing native plugins compatible for Editor in 2.02 ms, found 1 plugins.
Preloading 0 native plugins for Editor in 0.00 ms.
Unloading 1832 Unused Serialized files (Serialized files now loaded: 0)
System memory in use before: 88.2 MB.
System memory in use after: 87.6 MB.

Unloading 25 unused Assets to reduce memory usage. Loaded Objects now: 2419.
Total: 4.734900 ms (FindLiveObjects: 0.678700 ms CreateObjectMapping: 0.365700 ms MarkObjects: 3.086800 ms  DeleteObjects: 0.600800 ms)

========================================================================
Received Import Request.
  Time since last request: 1239.444725 seconds.
  path: Assets/score.cs
  artifactKey: Guid(6a9b241cd33e0d74a905b722c3c36289) Importer(815301076,1909f56bfc062723c751e8b465ee728b)
Start importing Assets/score.cs using Guid(6a9b241cd33e0d74a905b722c3c36289) Importer(815301076,1909f56bfc062723c751e8b465ee728b)  -> (artifact id: '46ad0fbe729cccfeb155a8440518160a') in 0.007251 seconds
  Import took 0.015059 seconds .

========================================================================
Received Prepare
Registering precompiled user dll's ...
Registered in 0.001506 seconds.
Begin MonoManager ReloadAssembly
Symbol file LoadedFromMemory doesn't match image C:\Users\Himanshu\Desktop\New folder (2)\ball block\Library\PackageCache\com.unity.ext.nunit@1.0.0\net35\unity-custom\nunit.framework.dll
Native extension for WindowsStandalone target not found
Refreshing native plugins compatible for Editor in 0.53 ms, found 1 plugins.
Preloading 0 native plugins for Editor in 0.00 ms.
Invoked RoslynAnalysisRunner static constructor.
RoslynAnalysisRunner will not be running.
RoslynAnalysisRunner has terminated.
Mono: successfully reloaded assembly
- Completed reload, in  1.647 seconds
Platform modules already initialized, skipping
Refreshing native plugins compatible for Editor in 0.56 ms, found 1 plugins.
Preloading 0 native plugins for Editor in 0.00 ms.
Unloading 1832 Unused Serialized files (Serialized files now loaded: 0)
System memory in use before: 88.2 MB.
System memory in use after: 87.6 MB.

Unloading 25 unused Assets to reduce memory usage. Loaded Objects now: 2422.
Total: 4.387800 ms (FindLiveObjects: 0.488800 ms CreateObjectMapping: 0.119700 ms MarkObjects: 3.201700 ms  DeleteObjects: 0.575500 ms)

========================================================================
Received Import Request.
  Time since last request: 233.940743 seconds.
  path: Assets/score.cs
  artifactKey: Guid(6a9b241cd33e0d74a905b722c3c36289) Importer(815301076,1909f56bfc062723c751e8b465ee728b)
Start importing Assets/score.cs using Guid(6a9b241cd33e0d74a905b722c3c36289) Importer(815301076,1909f56bfc062723c751e8b465ee728b)  -> (artifact id: 'daf1bef9108dc99251b791c7357dd928') in 0.007098 seconds
  Import took 0.012781 seconds .

========================================================================
Received Import Request.
  Time since last request: 0.055738 seconds.
  path: Assets/score.cs
  artifactKey: Guid(6a9b241cd33e0d74a905b722c3c36289) Importer(815301076,1909f56bfc062723c751e8b465ee728b)
Start importing Assets/score.cs using Guid(6a9b241cd33e0d74a905b722c3c36289) Importer(815301076,1909f56bfc062723c751e8b465ee728b)  -> (artifact id: 'daf1bef9108dc99251b791c7357dd928') in 0.003676 seconds
  Import took 0.007995 seconds .

========================================================================
Received Prepare
Registering precompiled user dll's ...
Registered in 0.002261 seconds.
Begin MonoManager ReloadAssembly
Symbol file LoadedFromMemory doesn't match image C:\Users\Himanshu\Desktop\New folder (2)\ball block\Library\PackageCache\com.unity.ext.nunit@1.0.0\net35\unity-custom\nunit.framework.dll
Native extension for WindowsStandalone target not found
Refreshing native plugins compatible for Editor in 0.50 ms, found 1 plugins.
Preloading 0 native plugins for Editor in 0.00 ms.
Invoked RoslynAnalysisRunner static constructor.
RoslynAnalysisRunner will not be running.
RoslynAnalysisRunner has terminated.
Mono: successfully reloaded assembly
- Completed reload, in  1.787 seconds
Platform modules already initialized, skipping
Refreshing native plugins compatible for Editor in 0.50 ms, found 1 plugins.
Preloading 0 native plugins for Editor in 0.00 ms.
Unloading 1832 Unused Serialized files (Serialized files now loaded: 0)
System memory in use before: 88.3 MB.
System memory in use after: 87.7 MB.

Unloading 25 unused Assets to reduce memory usage. Loaded Objects now: 2425.
Total: 3.775400 ms (FindLiveObjects: 0.280900 ms CreateObjectMapping: 0.097700 ms MarkObjects: 2.896000 ms  DeleteObjects: 0.499400 ms)

========================================================================
Received Prepare
Registering precompiled user dll's ...
Registered in 0.001327 seconds.
Begin MonoManager ReloadAssembly
Symbol file LoadedFromMemory doesn't match image C:\Users\Himanshu\Desktop\New folder (2)\ball block\Library\PackageCache\com.unity.ext.nunit@1.0.0\net35\unity-custom\nunit.framework.dll
Native extension for WindowsStandalone target not found
Refreshing native plugins compatible for Editor in 0.49 ms, found 1 plugins.
Preloading 0 native plugins for Editor in 0.00 ms.
Invoked RoslynAnalysisRunner static constructor.
RoslynAnalysisRunner will not be running.
RoslynAnalysisRunner has terminated.
Mono: successfully reloaded assembly
- Completed reload, in  1.453 seconds
Platform modules already initialized, skipping
Refreshing native plugins compatible for Editor in 0.57 ms, found 1 plugins.
Preloading 0 native plugins for Editor in 0.00 ms.
Unloading 1832 Unused Serialized files (Serialized files now loaded: 0)
System memory in use before: 88.3 MB.
System memory in use after: 87.8 MB.

Unloading 25 unused Assets to reduce memory usage. Loaded Objects now: 2428.
Total: 3.559000 ms (FindLiveObjects: 0.321000 ms CreateObjectMapping: 0.114200 ms MarkObjects: 2.602300 ms  DeleteObjects: 0.519700 ms)

========================================================================
Received Prepare
Registering precompiled user dll's ...
Registered in 0.003553 seconds.
Begin MonoManager ReloadAssembly
Symbol file LoadedFromMemory doesn't match image C:\Users\Himanshu\Desktop\New folder (2)\ball block\Library\PackageCache\com.unity.ext.nunit@1.0.0\net35\unity-custom\nunit.framework.dll
Native extension for WindowsStandalone target not found
Refreshing native plugins compatible for Editor in 0.53 ms, found 1 plugins.
Preloading 0 native plugins for Editor in 0.00 ms.
Invoked RoslynAnalysisRunner static constructor.
RoslynAnalysisRunner will not be running.
RoslynAnalysisRunner has terminated.
Mono: successfully reloaded assembly
- Completed reload, in  1.917 seconds
Platform modules already initialized, skipping
Refreshing native plugins compatible for Editor in 0.60 ms, found 1 plugins.
Preloading 0 native plugins for Editor in 0.00 ms.
Unloading 1832 Unused Serialized files (Serialized files now loaded: 0)
System memory in use before: 88.4 MB.
System memory in use after: 87.8 MB.

Unloading 25 unused Assets to reduce memory usage. Loaded Objects now: 2431.
Total: 3.970500 ms (FindLiveObjects: 0.326100 ms CreateObjectMapping: 0.108000 ms MarkObjects: 2.969500 ms  DeleteObjects: 0.564900 ms)

========================================================================
Received Import Request.
  Time since last request: 335.430268 seconds.
  path: Assets/ball.cs
  artifactKey: Guid(819395a18f50d3843b82da1995e04328) Importer(815301076,1909f56bfc062723c751e8b465ee728b)
Start importing Assets/ball.cs using Guid(819395a18f50d3843b82da1995e04328) Importer(815301076,1909f56bfc062723c751e8b465ee728b)  -> (artifact id: '021a0b39ee05af392c0ae235451ec8e2') in 0.009471 seconds
  Import took 0.014398 seconds .

========================================================================
Received Import Request.
  Time since last request: 0.000576 seconds.
  path: Assets/ball.cs
  artifactKey: Guid(819395a18f50d3843b82da1995e04328) Importer(815301076,1909f56bfc062723c751e8b465ee728b)
Start importing Assets/ball.cs using Guid(819395a18f50d3843b82da1995e04328) Importer(815301076,1909f56bfc062723c751e8b465ee728b)  -> (artifact id: '021a0b39ee05af392c0ae235451ec8e2') in 0.004700 seconds
  Import took 0.008485 seconds .

========================================================================
Received Prepare
Registering precompiled user dll's ...
Registered in 0.001501 seconds.
Begin MonoManager ReloadAssembly
Symbol file LoadedFromMemory doesn't match image C:\Users\Himanshu\Desktop\New folder (2)\ball block\Library\PackageCache\com.unity.ext.nunit@1.0.0\net35\unity-custom\nunit.framework.dll
Native extension for WindowsStandalone target not found
Refreshing native plugins compatible for Editor in 0.49 ms, found 1 plugins.
Preloading 0 native plugins for Editor in 0.00 ms.
Invoked RoslynAnalysisRunner static constructor.
RoslynAnalysisRunner will not be running.
RoslynAnalysisRunner has terminated.
Mono: successfully reloaded assembly
- Completed reload, in  1.448 seconds
Platform modules already initialized, skipping
Refreshing native plugins compatible for Editor in 0.52 ms, found 1 plugins.
Preloading 0 native plugins for Editor in 0.00 ms.
Unloading 1832 Unused Serialized files (Serialized files now loaded: 0)
System memory in use before: 88.4 MB.
System memory in use after: 87.9 MB.

Unloading 25 unused Assets to reduce memory usage. Loaded Objects now: 2434.
Total: 5.750700 ms (FindLiveObjects: 0.367200 ms CreateObjectMapping: 0.158100 ms MarkObjects: 4.216600 ms  DeleteObjects: 1.007100 ms)

========================================================================
Received Import Request.
  Time since last request: 18.542137 seconds.
  path: Assets/ball.cs
  artifactKey: Guid(819395a18f50d3843b82da1995e04328) Importer(815301076,1909f56bfc062723c751e8b465ee728b)
Start importing Assets/ball.cs using Guid(819395a18f50d3843b82da1995e04328) Importer(815301076,1909f56bfc062723c751e8b465ee728b)  -> (artifact id: 'b79b7f37cd46a856c0648dbb5b4bea60') in 0.007401 seconds
  Import took 0.011699 seconds .

========================================================================
Received Prepare
Registering precompiled user dll's ...
Registered in 0.001394 seconds.
Begin MonoManager ReloadAssembly
Symbol file LoadedFromMemory doesn't match image C:\Users\Himanshu\Desktop\New folder (2)\ball block\Library\PackageCache\com.unity.ext.nunit@1.0.0\net35\unity-custom\nunit.framework.dll
Native extension for WindowsStandalone target not found
Refreshing native plugins compatible for Editor in 0.55 ms, found 1 plugins.
Preloading 0 native plugins for Editor in 0.00 ms.
Invoked RoslynAnalysisRunner static constructor.
RoslynAnalysisRunner will not be running.
RoslynAnalysisRunner has terminated.
Mono: successfully reloaded assembly
- Completed reload, in  1.989 seconds
Platform modules already initialized, skipping
Refreshing native plugins compatible for Editor in 0.72 ms, found 1 plugins.
Preloading 0 native plugins for Editor in 0.00 ms.
Unloading 1832 Unused Serialized files (Serialized files now loaded: 0)
System memory in use before: 88.5 MB.
System memory in use after: 87.9 MB.

Unloading 25 unused Assets to reduce memory usage. Loaded Objects now: 2437.
Total: 4.508200 ms (FindLiveObjects: 0.426300 ms CreateObjectMapping: 0.247000 ms MarkObjects: 3.206500 ms  DeleteObjects: 0.626100 ms)

========================================================================
Received Prepare
Registering precompiled user dll's ...
Registered in 0.054282 seconds.
Begin MonoManager ReloadAssembly
Symbol file LoadedFromMemory doesn't match image C:\Users\Himanshu\Desktop\New folder (2)\ball block\Library\PackageCache\com.unity.ext.nunit@1.0.0\net35\unity-custom\nunit.framework.dll
Native extension for WindowsStandalone target not found
Refreshing native plugins compatible for Editor in 0.54 ms, found 1 plugins.
Preloading 0 native plugins for Editor in 0.00 ms.
Invoked RoslynAnalysisRunner static constructor.
RoslynAnalysisRunner will not be running.
RoslynAnalysisRunner has terminated.
Mono: successfully reloaded assembly
- Completed reload, in  2.604 seconds
Platform modules already initialized, skipping
Refreshing native plugins compatible for Editor in 0.61 ms, found 1 plugins.
Preloading 0 native plugins for Editor in 0.00 ms.
Unloading 1832 Unused Serialized files (Serialized files now loaded: 0)
System memory in use before: 88.6 MB.
System memory in use after: 88.0 MB.

Unloading 25 unused Assets to reduce memory usage. Loaded Objects now: 2440.
Total: 4.963100 ms (FindLiveObjects: 0.494800 ms CreateObjectMapping: 0.480400 ms MarkObjects: 3.459200 ms  DeleteObjects: 0.525800 ms)

